
> printflow-frontend@0.1.0 build
> next build

 ⚠ You are using a non-standard "NODE_ENV" value in your environment. This creates inconsistencies in the project and is strongly advised against. Read more: https://nextjs.org/docs/messages/non-standard-node-env
  ▲ Next.js 14.2.15
  - Environments: .env.local

   Creating an optimized production build ...
2026-03-19T19:57:10.198Z next:build:webpack-build using separate compiler workers
2026-03-19T19:57:10.848Z next:jsconfig-paths-plugin tsconfig.json or jsconfig.json paths: { '@/*': [ './*' ] }
2026-03-19T19:57:10.848Z next:jsconfig-paths-plugin resolved baseUrl: {
  baseUrl: '/Users/kamiltonkowicz/Documents/Coding/github/printflow/frontend',
  isImplicit: true
}
2026-03-19T19:57:10.852Z next:jsconfig-paths-plugin tsconfig.json or jsconfig.json paths: { '@/*': [ './*' ] }
2026-03-19T19:57:10.852Z next:jsconfig-paths-plugin resolved baseUrl: {
  baseUrl: '/Users/kamiltonkowicz/Documents/Coding/github/printflow/frontend',
  isImplicit: true
}
2026-03-19T19:57:10.863Z next:jsconfig-paths-plugin tsconfig.json or jsconfig.json paths: { '@/*': [ './*' ] }
2026-03-19T19:57:10.863Z next:jsconfig-paths-plugin resolved baseUrl: {
  baseUrl: '/Users/kamiltonkowicz/Documents/Coding/github/printflow/frontend',
  isImplicit: true
}
2026-03-19T19:57:10.914Z next:build:webpack-build starting compiler server
2026-03-19T19:57:10.914Z next:build:webpack-build starting server compiler
2026-03-19T19:57:11.081Z next:jsconfig-paths-plugin moduleName did not match any paths pattern next-route-loader
2026-03-19T19:57:11.082Z next:jsconfig-paths-plugin moduleName did not match any paths pattern next-app-loader
2026-03-19T19:57:11.082Z next:jsconfig-paths-plugin moduleName did not match any paths pattern next-app-loader
2026-03-19T19:57:11.082Z next:jsconfig-paths-plugin moduleName did not match any paths pattern next-app-loader
2026-03-19T19:57:11.082Z next:jsconfig-paths-plugin moduleName did not match any paths pattern next-app-loader
2026-03-19T19:57:11.082Z next:jsconfig-paths-plugin moduleName did not match any paths pattern next-app-loader
2026-03-19T19:57:11.082Z next:jsconfig-paths-plugin moduleName did not match any paths pattern next-app-loader
2026-03-19T19:57:11.082Z next:jsconfig-paths-plugin moduleName did not match any paths pattern next-app-loader
2026-03-19T19:57:11.082Z next:jsconfig-paths-plugin moduleName did not match any paths pattern next-app-loader
2026-03-19T19:57:11.082Z next:jsconfig-paths-plugin moduleName did not match any paths pattern next-app-loader
2026-03-19T19:57:11.082Z next:jsconfig-paths-plugin moduleName did not match any paths pattern next-app-loader
2026-03-19T19:57:11.082Z next:jsconfig-paths-plugin moduleName did not match any paths pattern next-app-loader
2026-03-19T19:57:11.082Z next:jsconfig-paths-plugin moduleName did not match any paths pattern next-app-loader
2026-03-19T19:57:11.093Z next:jsconfig-paths-plugin moduleName did not match any paths pattern next-route-loader
2026-03-19T19:57:11.093Z next:jsconfig-paths-plugin moduleName did not match any paths pattern next-route-loader
2026-03-19T19:57:11.093Z next:jsconfig-paths-plugin moduleName did not match any paths pattern next-route-loader
2026-03-19T19:57:11.095Z next:jsconfig-paths-plugin moduleName did not match any paths pattern next-app-loader
2026-03-19T19:57:11.095Z next:jsconfig-paths-plugin moduleName did not match any paths pattern next-app-loader
2026-03-19T19:57:11.095Z next:jsconfig-paths-plugin moduleName did not match any paths pattern next-app-loader
2026-03-19T19:57:11.095Z next:jsconfig-paths-plugin moduleName did not match any paths pattern next-app-loader
2026-03-19T19:57:11.095Z next:jsconfig-paths-plugin moduleName did not match any paths pattern next-app-loader
2026-03-19T19:57:11.095Z next:jsconfig-paths-plugin moduleName did not match any paths pattern next-app-loader
2026-03-19T19:57:11.095Z next:jsconfig-paths-plugin moduleName did not match any paths pattern next-app-loader
2026-03-19T19:57:11.095Z next:jsconfig-paths-plugin moduleName did not match any paths pattern next-app-loader
2026-03-19T19:57:11.095Z next:jsconfig-paths-plugin moduleName did not match any paths pattern next-app-loader
2026-03-19T19:57:11.095Z next:jsconfig-paths-plugin moduleName did not match any paths pattern next-app-loader
2026-03-19T19:57:11.095Z next:jsconfig-paths-plugin moduleName did not match any paths pattern next-app-loader
2026-03-19T19:57:11.095Z next:jsconfig-paths-plugin moduleName did not match any paths pattern next-app-loader
2026-03-19T19:57:11.096Z next:jsconfig-paths-plugin moduleName did not match any paths pattern next-app-loader
2026-03-19T19:57:11.096Z next:jsconfig-paths-plugin moduleName did not match any paths pattern next-app-loader
2026-03-19T19:57:11.096Z next:jsconfig-paths-plugin moduleName did not match any paths pattern next-app-loader
2026-03-19T19:57:11.096Z next:jsconfig-paths-plugin moduleName did not match any paths pattern next-app-loader
2026-03-19T19:57:11.096Z next:jsconfig-paths-plugin moduleName did not match any paths pattern next-app-loader
2026-03-19T19:57:11.096Z next:jsconfig-paths-plugin moduleName did not match any paths pattern next-app-loader
2026-03-19T19:57:11.096Z next:jsconfig-paths-plugin moduleName did not match any paths pattern next-app-loader
2026-03-19T19:57:11.096Z next:jsconfig-paths-plugin moduleName did not match any paths pattern next-app-loader
2026-03-19T19:57:11.096Z next:jsconfig-paths-plugin moduleName did not match any paths pattern next-app-loader
2026-03-19T19:57:11.096Z next:jsconfig-paths-plugin moduleName did not match any paths pattern next-app-loader
2026-03-19T19:57:11.096Z next:jsconfig-paths-plugin moduleName did not match any paths pattern next-app-loader
2026-03-19T19:57:11.096Z next:jsconfig-paths-plugin moduleName did not match any paths pattern next-app-loader
2026-03-19T19:57:11.097Z next:jsconfig-paths-plugin moduleName did not match any paths pattern next-app-loader
2026-03-19T19:57:11.097Z next:jsconfig-paths-plugin moduleName did not match any paths pattern next-app-loader
2026-03-19T19:57:11.097Z next:jsconfig-paths-plugin moduleName did not match any paths pattern next-app-loader
2026-03-19T19:57:11.097Z next:jsconfig-paths-plugin moduleName did not match any paths pattern next-app-loader
2026-03-19T19:57:11.097Z next:jsconfig-paths-plugin moduleName did not match any paths pattern next-app-loader
2026-03-19T19:57:11.097Z next:jsconfig-paths-plugin moduleName did not match any paths pattern next-app-loader
2026-03-19T19:57:11.097Z next:jsconfig-paths-plugin moduleName did not match any paths pattern next-app-loader
2026-03-19T19:57:11.097Z next:jsconfig-paths-plugin moduleName did not match any paths pattern next-app-loader
2026-03-19T19:57:11.097Z next:jsconfig-paths-plugin moduleName did not match any paths pattern next-app-loader
2026-03-19T19:57:11.097Z next:jsconfig-paths-plugin moduleName did not match any paths pattern next-app-loader
2026-03-19T19:57:11.097Z next:jsconfig-paths-plugin moduleName did not match any paths pattern next-app-loader
2026-03-19T19:57:11.097Z next:jsconfig-paths-plugin moduleName did not match any paths pattern next-app-loader
2026-03-19T19:57:11.118Z next:jsconfig-paths-plugin moduleName did not match any paths pattern react-server-dom-webpack/server.edge
2026-03-19T19:57:11.118Z next:jsconfig-paths-plugin moduleName did not match any paths pattern react-server-dom-webpack/server.edge
2026-03-19T19:57:11.120Z next:jsconfig-paths-plugin moduleName did not match any paths pattern react-server-dom-webpack/server.edge
2026-03-19T19:57:11.120Z next:jsconfig-paths-plugin moduleName did not match any paths pattern react-server-dom-webpack/server.edge
2026-03-19T19:57:11.122Z next:jsconfig-paths-plugin moduleName did not match any paths pattern @opentelemetry/api
2026-03-19T19:57:11.124Z next:jsconfig-paths-plugin moduleName did not match any paths pattern @opentelemetry/api
2026-03-19T19:57:11.160Z next:jsconfig-paths-plugin skipping request as it is an absolute path /Users/kamiltonkowicz/Documents/Coding/github/printflow/frontend/components/AuthWrapper
2026-03-19T19:57:11.160Z next:jsconfig-paths-plugin skipping request as it is an absolute path /Users/kamiltonkowicz/Documents/Coding/github/printflow/frontend/components/Calculator
2026-03-19T19:57:11.161Z next:jsconfig-paths-plugin skipping request as it is inside node_modules ../client/link
2026-03-19T19:57:11.162Z next:jsconfig-paths-plugin skipping request as it is an absolute path /Users/kamiltonkowicz/Documents/Coding/github/printflow/frontend/components/AuthWrapper
2026-03-19T19:57:11.162Z next:jsconfig-paths-plugin skipping request as it is an absolute path /Users/kamiltonkowicz/Documents/Coding/github/printflow/frontend/components/Calculator
2026-03-19T19:57:11.162Z next:jsconfig-paths-plugin skipping request as it is inside node_modules ../client/link
2026-03-19T19:57:11.162Z next:jsconfig-paths-plugin skipping request as it is an absolute path /Users/kamiltonkowicz/Documents/Coding/github/printflow/frontend/components/AuthWrapper
2026-03-19T19:57:11.163Z next:jsconfig-paths-plugin skipping request as it is an absolute path /Users/kamiltonkowicz/Documents/Coding/github/printflow/frontend/components/AuthWrapper
2026-03-19T19:57:11.163Z next:jsconfig-paths-plugin skipping request as it is an absolute path /Users/kamiltonkowicz/Documents/Coding/github/printflow/frontend/components/Calculator
2026-03-19T19:57:11.163Z next:jsconfig-paths-plugin skipping request as it is an absolute path /Users/kamiltonkowicz/Documents/Coding/github/printflow/frontend/components/Calculator
2026-03-19T19:57:11.180Z next:jsconfig-paths-plugin moduleName did not match any paths pattern next-flight-client-entry-loader
2026-03-19T19:57:11.180Z next:jsconfig-paths-plugin moduleName did not match any paths pattern next-flight-client-entry-loader
2026-03-19T19:57:11.180Z next:jsconfig-paths-plugin moduleName did not match any paths pattern next-flight-client-entry-loader
2026-03-19T19:57:11.180Z next:jsconfig-paths-plugin moduleName did not match any paths pattern next-flight-client-entry-loader
2026-03-19T19:57:11.180Z next:jsconfig-paths-plugin moduleName did not match any paths pattern next-flight-client-entry-loader
2026-03-19T19:57:11.180Z next:jsconfig-paths-plugin moduleName did not match any paths pattern next-flight-client-entry-loader
2026-03-19T19:57:11.180Z next:jsconfig-paths-plugin moduleName did not match any paths pattern next-flight-client-entry-loader
2026-03-19T19:57:11.180Z next:jsconfig-paths-plugin moduleName did not match any paths pattern next-flight-client-entry-loader
2026-03-19T19:57:11.180Z next:jsconfig-paths-plugin moduleName did not match any paths pattern next-flight-client-entry-loader
2026-03-19T19:57:11.180Z next:jsconfig-paths-plugin moduleName did not match any paths pattern next-flight-client-entry-loader
2026-03-19T19:57:11.180Z next:jsconfig-paths-plugin moduleName did not match any paths pattern next-flight-client-entry-loader
2026-03-19T19:57:11.180Z next:jsconfig-paths-plugin moduleName did not match any paths pattern next-flight-client-entry-loader
2026-03-19T19:57:11.180Z next:jsconfig-paths-plugin moduleName did not match any paths pattern next-flight-client-entry-loader
2026-03-19T19:57:11.181Z next:jsconfig-paths-plugin moduleName did not match any paths pattern next-flight-client-entry-loader
2026-03-19T19:57:11.181Z next:jsconfig-paths-plugin moduleName did not match any paths pattern next-flight-client-entry-loader
2026-03-19T19:57:11.181Z next:jsconfig-paths-plugin moduleName did not match any paths pattern next-flight-client-entry-loader
2026-03-19T19:57:11.181Z next:jsconfig-paths-plugin moduleName did not match any paths pattern next-flight-client-entry-loader
2026-03-19T19:57:11.181Z next:jsconfig-paths-plugin moduleName did not match any paths pattern next-flight-client-entry-loader
2026-03-19T19:57:11.181Z next:jsconfig-paths-plugin moduleName did not match any paths pattern next-flight-client-entry-loader
2026-03-19T19:57:11.181Z next:jsconfig-paths-plugin moduleName did not match any paths pattern next-flight-client-entry-loader
2026-03-19T19:57:11.181Z next:jsconfig-paths-plugin moduleName did not match any paths pattern next-flight-client-entry-loader
2026-03-19T19:57:11.181Z next:jsconfig-paths-plugin moduleName did not match any paths pattern next-flight-client-entry-loader
2026-03-19T19:57:11.181Z next:jsconfig-paths-plugin moduleName did not match any paths pattern next-flight-client-entry-loader
2026-03-19T19:57:11.181Z next:jsconfig-paths-plugin moduleName did not match any paths pattern next-flight-client-entry-loader
2026-03-19T19:57:11.181Z next:jsconfig-paths-plugin moduleName did not match any paths pattern next-flight-client-entry-loader
2026-03-19T19:57:11.181Z next:jsconfig-paths-plugin moduleName did not match any paths pattern next-flight-client-entry-loader
2026-03-19T19:57:11.181Z next:jsconfig-paths-plugin moduleName did not match any paths pattern next-flight-client-entry-loader
2026-03-19T19:57:11.181Z next:jsconfig-paths-plugin moduleName did not match any paths pattern next-flight-client-entry-loader
2026-03-19T19:57:11.181Z next:jsconfig-paths-plugin moduleName did not match any paths pattern next-flight-client-entry-loader
2026-03-19T19:57:11.181Z next:jsconfig-paths-plugin moduleName did not match any paths pattern next-flight-client-entry-loader
2026-03-19T19:57:11.181Z next:jsconfig-paths-plugin moduleName did not match any paths pattern next-flight-client-entry-loader
2026-03-19T19:57:11.181Z next:jsconfig-paths-plugin moduleName did not match any paths pattern next-flight-client-entry-loader
2026-03-19T19:57:11.181Z next:jsconfig-paths-plugin moduleName did not match any paths pattern next-flight-client-entry-loader
2026-03-19T19:57:11.181Z next:jsconfig-paths-plugin moduleName did not match any paths pattern next-flight-client-entry-loader
2026-03-19T19:57:11.181Z next:jsconfig-paths-plugin moduleName did not match any paths pattern next-flight-client-entry-loader
2026-03-19T19:57:11.181Z next:jsconfig-paths-plugin moduleName did not match any paths pattern next-flight-client-entry-loader
2026-03-19T19:57:11.181Z next:jsconfig-paths-plugin moduleName did not match any paths pattern next-flight-client-entry-loader
2026-03-19T19:57:11.181Z next:jsconfig-paths-plugin moduleName did not match any paths pattern next-flight-client-entry-loader
2026-03-19T19:57:11.181Z next:jsconfig-paths-plugin moduleName did not match any paths pattern next-flight-client-entry-loader
2026-03-19T19:57:11.181Z next:jsconfig-paths-plugin moduleName did not match any paths pattern next-flight-client-entry-loader
2026-03-19T19:57:11.181Z next:jsconfig-paths-plugin moduleName did not match any paths pattern next-flight-client-entry-loader
2026-03-19T19:57:11.181Z next:jsconfig-paths-plugin moduleName did not match any paths pattern next-flight-client-entry-loader
2026-03-19T19:57:11.182Z next:jsconfig-paths-plugin moduleName did not match any paths pattern next-flight-client-entry-loader
2026-03-19T19:57:11.182Z next:jsconfig-paths-plugin moduleName did not match any paths pattern next-flight-client-entry-loader
2026-03-19T19:57:11.182Z next:jsconfig-paths-plugin moduleName did not match any paths pattern next-flight-client-entry-loader
2026-03-19T19:57:11.182Z next:jsconfig-paths-plugin moduleName did not match any paths pattern next-flight-client-entry-loader
2026-03-19T19:57:11.182Z next:jsconfig-paths-plugin moduleName did not match any paths pattern next-flight-client-entry-loader
2026-03-19T19:57:11.182Z next:jsconfig-paths-plugin moduleName did not match any paths pattern next-flight-client-entry-loader
2026-03-19T19:57:11.182Z next:jsconfig-paths-plugin moduleName did not match any paths pattern next-flight-client-entry-loader
2026-03-19T19:57:11.182Z next:jsconfig-paths-plugin moduleName did not match any paths pattern next-flight-client-entry-loader
2026-03-19T19:57:11.187Z next:jsconfig-paths-plugin moduleName did not match any paths pattern next-flight-client-entry-loader
2026-03-19T19:57:11.187Z next:jsconfig-paths-plugin moduleName did not match any paths pattern next-flight-client-entry-loader
2026-03-19T19:57:11.187Z next:jsconfig-paths-plugin moduleName did not match any paths pattern next-flight-client-entry-loader
2026-03-19T19:57:11.187Z next:jsconfig-paths-plugin moduleName did not match any paths pattern next-flight-client-entry-loader
2026-03-19T19:57:11.187Z next:jsconfig-paths-plugin moduleName did not match any paths pattern next-flight-client-entry-loader
2026-03-19T19:57:11.187Z next:jsconfig-paths-plugin moduleName did not match any paths pattern next-flight-client-entry-loader
2026-03-19T19:57:11.188Z next:jsconfig-paths-plugin moduleName did not match any paths pattern next-flight-client-entry-loader
2026-03-19T19:57:11.188Z next:jsconfig-paths-plugin moduleName did not match any paths pattern next-flight-client-entry-loader
2026-03-19T19:57:11.188Z next:jsconfig-paths-plugin moduleName did not match any paths pattern next-flight-client-entry-loader
2026-03-19T19:57:11.188Z next:jsconfig-paths-plugin moduleName did not match any paths pattern next-flight-client-entry-loader
2026-03-19T19:57:11.188Z next:jsconfig-paths-plugin moduleName did not match any paths pattern next-flight-client-entry-loader
2026-03-19T19:57:11.188Z next:jsconfig-paths-plugin moduleName did not match any paths pattern next-flight-client-entry-loader
2026-03-19T19:57:11.188Z next:jsconfig-paths-plugin moduleName did not match any paths pattern next-flight-client-entry-loader
2026-03-19T19:57:11.188Z next:jsconfig-paths-plugin moduleName did not match any paths pattern next-flight-client-entry-loader
2026-03-19T19:57:11.188Z next:jsconfig-paths-plugin moduleName did not match any paths pattern next-flight-client-entry-loader
2026-03-19T19:57:11.188Z next:jsconfig-paths-plugin moduleName did not match any paths pattern next-flight-client-entry-loader
2026-03-19T19:57:11.188Z next:jsconfig-paths-plugin moduleName did not match any paths pattern next-flight-client-entry-loader
2026-03-19T19:57:11.188Z next:jsconfig-paths-plugin moduleName did not match any paths pattern next-flight-client-entry-loader
2026-03-19T19:57:11.188Z next:jsconfig-paths-plugin moduleName did not match any paths pattern next-flight-client-entry-loader
2026-03-19T19:57:11.188Z next:jsconfig-paths-plugin moduleName did not match any paths pattern next-flight-client-entry-loader
2026-03-19T19:57:11.188Z next:jsconfig-paths-plugin moduleName did not match any paths pattern next-flight-client-entry-loader
2026-03-19T19:57:11.188Z next:jsconfig-paths-plugin moduleName did not match any paths pattern next-flight-client-entry-loader
2026-03-19T19:57:11.188Z next:jsconfig-paths-plugin moduleName did not match any paths pattern next-flight-client-entry-loader
2026-03-19T19:57:11.188Z next:jsconfig-paths-plugin moduleName did not match any paths pattern next-flight-client-entry-loader
2026-03-19T19:57:11.188Z next:jsconfig-paths-plugin moduleName did not match any paths pattern next-flight-client-entry-loader
2026-03-19T19:57:11.188Z next:jsconfig-paths-plugin moduleName did not match any paths pattern next-flight-client-entry-loader
2026-03-19T19:57:11.188Z next:jsconfig-paths-plugin moduleName did not match any paths pattern next-flight-client-entry-loader
2026-03-19T19:57:11.188Z next:jsconfig-paths-plugin moduleName did not match any paths pattern next-flight-client-entry-loader
2026-03-19T19:57:11.188Z next:jsconfig-paths-plugin moduleName did not match any paths pattern next-flight-client-entry-loader
2026-03-19T19:57:11.188Z next:jsconfig-paths-plugin moduleName did not match any paths pattern next-flight-client-entry-loader
2026-03-19T19:57:11.188Z next:jsconfig-paths-plugin moduleName did not match any paths pattern next-flight-client-entry-loader
2026-03-19T19:57:11.188Z next:jsconfig-paths-plugin moduleName did not match any paths pattern next-flight-client-entry-loader
2026-03-19T19:57:11.188Z next:jsconfig-paths-plugin moduleName did not match any paths pattern next-flight-client-entry-loader
2026-03-19T19:57:11.188Z next:jsconfig-paths-plugin moduleName did not match any paths pattern next-flight-client-entry-loader
2026-03-19T19:57:11.188Z next:jsconfig-paths-plugin moduleName did not match any paths pattern next-flight-client-entry-loader
2026-03-19T19:57:11.188Z next:jsconfig-paths-plugin moduleName did not match any paths pattern next-flight-client-entry-loader
2026-03-19T19:57:11.188Z next:jsconfig-paths-plugin moduleName did not match any paths pattern next-flight-client-entry-loader
2026-03-19T19:57:11.188Z next:jsconfig-paths-plugin moduleName did not match any paths pattern next-flight-client-entry-loader
2026-03-19T19:57:11.188Z next:jsconfig-paths-plugin moduleName did not match any paths pattern next-flight-client-entry-loader
2026-03-19T19:57:11.188Z next:jsconfig-paths-plugin moduleName did not match any paths pattern next-flight-client-entry-loader
2026-03-19T19:57:11.188Z next:jsconfig-paths-plugin moduleName did not match any paths pattern next-flight-client-entry-loader
2026-03-19T19:57:11.188Z next:jsconfig-paths-plugin moduleName did not match any paths pattern next-flight-client-entry-loader
2026-03-19T19:57:11.188Z next:jsconfig-paths-plugin moduleName did not match any paths pattern next-flight-client-entry-loader
2026-03-19T19:57:11.188Z next:jsconfig-paths-plugin moduleName did not match any paths pattern next-flight-client-entry-loader
2026-03-19T19:57:11.188Z next:jsconfig-paths-plugin moduleName did not match any paths pattern next-flight-client-entry-loader
2026-03-19T19:57:11.188Z next:jsconfig-paths-plugin moduleName did not match any paths pattern next-flight-client-entry-loader
2026-03-19T19:57:11.188Z next:jsconfig-paths-plugin moduleName did not match any paths pattern next-flight-client-entry-loader
2026-03-19T19:57:11.188Z next:jsconfig-paths-plugin moduleName did not match any paths pattern next-flight-client-entry-loader
2026-03-19T19:57:11.188Z next:jsconfig-paths-plugin moduleName did not match any paths pattern next-flight-client-entry-loader
2026-03-19T19:57:11.188Z next:jsconfig-paths-plugin moduleName did not match any paths pattern next-flight-client-entry-loader
2026-03-19T19:57:11.191Z next:jsconfig-paths-plugin moduleName did not match any paths pattern next-flight-client-entry-loader
2026-03-19T19:57:11.191Z next:jsconfig-paths-plugin moduleName did not match any paths pattern next-flight-client-entry-loader
2026-03-19T19:57:11.191Z next:jsconfig-paths-plugin moduleName did not match any paths pattern next-flight-client-entry-loader
2026-03-19T19:57:11.191Z next:jsconfig-paths-plugin moduleName did not match any paths pattern next-flight-client-entry-loader
2026-03-19T19:57:11.191Z next:jsconfig-paths-plugin moduleName did not match any paths pattern next-flight-client-entry-loader
2026-03-19T19:57:11.191Z next:jsconfig-paths-plugin moduleName did not match any paths pattern next-flight-client-entry-loader
2026-03-19T19:57:11.191Z next:jsconfig-paths-plugin moduleName did not match any paths pattern next-flight-client-entry-loader
2026-03-19T19:57:11.192Z next:jsconfig-paths-plugin moduleName did not match any paths pattern next-flight-client-entry-loader
2026-03-19T19:57:11.192Z next:jsconfig-paths-plugin moduleName did not match any paths pattern next-flight-client-entry-loader
2026-03-19T19:57:11.192Z next:jsconfig-paths-plugin moduleName did not match any paths pattern next-flight-client-entry-loader
2026-03-19T19:57:11.192Z next:jsconfig-paths-plugin moduleName did not match any paths pattern next-flight-client-entry-loader
2026-03-19T19:57:11.192Z next:jsconfig-paths-plugin moduleName did not match any paths pattern next-flight-client-entry-loader
2026-03-19T19:57:11.192Z next:jsconfig-paths-plugin moduleName did not match any paths pattern next-flight-client-entry-loader
2026-03-19T19:57:11.192Z next:jsconfig-paths-plugin moduleName did not match any paths pattern next-flight-client-entry-loader
2026-03-19T19:57:11.192Z next:jsconfig-paths-plugin moduleName did not match any paths pattern next-flight-client-entry-loader
2026-03-19T19:57:11.192Z next:jsconfig-paths-plugin moduleName did not match any paths pattern next-flight-client-entry-loader
2026-03-19T19:57:11.192Z next:jsconfig-paths-plugin moduleName did not match any paths pattern next-flight-client-entry-loader
2026-03-19T19:57:11.192Z next:jsconfig-paths-plugin moduleName did not match any paths pattern next-flight-client-entry-loader
2026-03-19T19:57:11.192Z next:jsconfig-paths-plugin moduleName did not match any paths pattern next-flight-client-entry-loader
2026-03-19T19:57:11.192Z next:jsconfig-paths-plugin moduleName did not match any paths pattern next-flight-client-entry-loader
2026-03-19T19:57:11.192Z next:jsconfig-paths-plugin moduleName did not match any paths pattern next-flight-client-entry-loader
2026-03-19T19:57:11.192Z next:jsconfig-paths-plugin moduleName did not match any paths pattern next-flight-client-entry-loader
2026-03-19T19:57:11.192Z next:jsconfig-paths-plugin moduleName did not match any paths pattern next-flight-client-entry-loader
2026-03-19T19:57:11.192Z next:jsconfig-paths-plugin moduleName did not match any paths pattern next-flight-client-entry-loader
2026-03-19T19:57:11.192Z next:jsconfig-paths-plugin moduleName did not match any paths pattern next-flight-client-entry-loader
2026-03-19T19:57:11.192Z next:jsconfig-paths-plugin moduleName did not match any paths pattern next-flight-client-entry-loader
2026-03-19T19:57:11.192Z next:jsconfig-paths-plugin moduleName did not match any paths pattern next-flight-client-entry-loader
2026-03-19T19:57:11.192Z next:jsconfig-paths-plugin moduleName did not match any paths pattern next-flight-client-entry-loader
2026-03-19T19:57:11.192Z next:jsconfig-paths-plugin moduleName did not match any paths pattern next-flight-client-entry-loader
2026-03-19T19:57:11.192Z next:jsconfig-paths-plugin moduleName did not match any paths pattern next-flight-client-entry-loader
2026-03-19T19:57:11.192Z next:jsconfig-paths-plugin moduleName did not match any paths pattern next-flight-client-entry-loader
2026-03-19T19:57:11.192Z next:jsconfig-paths-plugin moduleName did not match any paths pattern next-flight-client-entry-loader
2026-03-19T19:57:11.192Z next:jsconfig-paths-plugin moduleName did not match any paths pattern next-flight-client-entry-loader
2026-03-19T19:57:11.192Z next:jsconfig-paths-plugin moduleName did not match any paths pattern next-flight-client-entry-loader
2026-03-19T19:57:11.192Z next:jsconfig-paths-plugin moduleName did not match any paths pattern next-flight-client-entry-loader
2026-03-19T19:57:11.192Z next:jsconfig-paths-plugin moduleName did not match any paths pattern next-flight-client-entry-loader
2026-03-19T19:57:11.192Z next:jsconfig-paths-plugin moduleName did not match any paths pattern next-flight-client-entry-loader
2026-03-19T19:57:11.192Z next:jsconfig-paths-plugin moduleName did not match any paths pattern next-flight-client-entry-loader
2026-03-19T19:57:11.192Z next:jsconfig-paths-plugin moduleName did not match any paths pattern next-flight-client-entry-loader
2026-03-19T19:57:11.192Z next:jsconfig-paths-plugin moduleName did not match any paths pattern next-flight-client-entry-loader
2026-03-19T19:57:11.192Z next:jsconfig-paths-plugin moduleName did not match any paths pattern next-flight-client-entry-loader
2026-03-19T19:57:11.192Z next:jsconfig-paths-plugin moduleName did not match any paths pattern next-flight-client-entry-loader
2026-03-19T19:57:11.192Z next:jsconfig-paths-plugin moduleName did not match any paths pattern next-flight-client-entry-loader
2026-03-19T19:57:11.192Z next:jsconfig-paths-plugin moduleName did not match any paths pattern next-flight-client-entry-loader
2026-03-19T19:57:11.192Z next:jsconfig-paths-plugin moduleName did not match any paths pattern next-flight-client-entry-loader
2026-03-19T19:57:11.192Z next:jsconfig-paths-plugin moduleName did not match any paths pattern next-flight-client-entry-loader
2026-03-19T19:57:11.192Z next:jsconfig-paths-plugin moduleName did not match any paths pattern next-flight-client-entry-loader
2026-03-19T19:57:11.192Z next:jsconfig-paths-plugin moduleName did not match any paths pattern next-flight-client-entry-loader
2026-03-19T19:57:11.192Z next:jsconfig-paths-plugin moduleName did not match any paths pattern next-flight-client-entry-loader
2026-03-19T19:57:11.192Z next:jsconfig-paths-plugin moduleName did not match any paths pattern next-flight-client-entry-loader
2026-03-19T19:57:11.195Z next:jsconfig-paths-plugin moduleName did not match any paths pattern next-flight-client-entry-loader
2026-03-19T19:57:11.196Z next:jsconfig-paths-plugin moduleName did not match any paths pattern next-flight-client-entry-loader
2026-03-19T19:57:11.196Z next:jsconfig-paths-plugin moduleName did not match any paths pattern next-flight-client-entry-loader
2026-03-19T19:57:11.196Z next:jsconfig-paths-plugin moduleName did not match any paths pattern next-flight-client-entry-loader
2026-03-19T19:57:11.196Z next:jsconfig-paths-plugin moduleName did not match any paths pattern next-flight-client-entry-loader
2026-03-19T19:57:11.196Z next:jsconfig-paths-plugin moduleName did not match any paths pattern next-flight-client-entry-loader
2026-03-19T19:57:11.196Z next:jsconfig-paths-plugin moduleName did not match any paths pattern next-flight-client-entry-loader
2026-03-19T19:57:11.196Z next:jsconfig-paths-plugin moduleName did not match any paths pattern next-flight-client-entry-loader
2026-03-19T19:57:11.196Z next:jsconfig-paths-plugin moduleName did not match any paths pattern next-flight-client-entry-loader
2026-03-19T19:57:11.196Z next:jsconfig-paths-plugin moduleName did not match any paths pattern next-flight-client-entry-loader
2026-03-19T19:57:11.196Z next:jsconfig-paths-plugin moduleName did not match any paths pattern next-flight-client-entry-loader
2026-03-19T19:57:11.196Z next:jsconfig-paths-plugin moduleName did not match any paths pattern next-flight-client-entry-loader
2026-03-19T19:57:11.196Z next:jsconfig-paths-plugin moduleName did not match any paths pattern next-flight-client-entry-loader
2026-03-19T19:57:11.196Z next:jsconfig-paths-plugin moduleName did not match any paths pattern next-flight-client-entry-loader
2026-03-19T19:57:11.196Z next:jsconfig-paths-plugin moduleName did not match any paths pattern next-flight-client-entry-loader
2026-03-19T19:57:11.196Z next:jsconfig-paths-plugin moduleName did not match any paths pattern next-flight-client-entry-loader
2026-03-19T19:57:11.196Z next:jsconfig-paths-plugin moduleName did not match any paths pattern next-flight-client-entry-loader
2026-03-19T19:57:11.196Z next:jsconfig-paths-plugin moduleName did not match any paths pattern next-flight-client-entry-loader
2026-03-19T19:57:11.196Z next:jsconfig-paths-plugin moduleName did not match any paths pattern next-flight-client-entry-loader
2026-03-19T19:57:11.196Z next:jsconfig-paths-plugin moduleName did not match any paths pattern next-flight-client-entry-loader
2026-03-19T19:57:11.196Z next:jsconfig-paths-plugin moduleName did not match any paths pattern next-flight-client-entry-loader
2026-03-19T19:57:11.196Z next:jsconfig-paths-plugin moduleName did not match any paths pattern next-flight-client-entry-loader
2026-03-19T19:57:11.196Z next:jsconfig-paths-plugin moduleName did not match any paths pattern next-flight-client-entry-loader
2026-03-19T19:57:11.196Z next:jsconfig-paths-plugin moduleName did not match any paths pattern next-flight-client-entry-loader
2026-03-19T19:57:11.196Z next:jsconfig-paths-plugin moduleName did not match any paths pattern next-flight-client-entry-loader
2026-03-19T19:57:11.196Z next:jsconfig-paths-plugin moduleName did not match any paths pattern next-flight-client-entry-loader
2026-03-19T19:57:11.196Z next:jsconfig-paths-plugin moduleName did not match any paths pattern next-flight-client-entry-loader
2026-03-19T19:57:11.196Z next:jsconfig-paths-plugin moduleName did not match any paths pattern next-flight-client-entry-loader
2026-03-19T19:57:11.196Z next:jsconfig-paths-plugin moduleName did not match any paths pattern next-flight-client-entry-loader
2026-03-19T19:57:11.196Z next:jsconfig-paths-plugin moduleName did not match any paths pattern next-flight-client-entry-loader
2026-03-19T19:57:11.196Z next:jsconfig-paths-plugin moduleName did not match any paths pattern next-flight-client-entry-loader
2026-03-19T19:57:11.196Z next:jsconfig-paths-plugin moduleName did not match any paths pattern next-flight-client-entry-loader
2026-03-19T19:57:11.196Z next:jsconfig-paths-plugin moduleName did not match any paths pattern next-flight-client-entry-loader
2026-03-19T19:57:11.196Z next:jsconfig-paths-plugin moduleName did not match any paths pattern next-flight-client-entry-loader
2026-03-19T19:57:11.196Z next:jsconfig-paths-plugin moduleName did not match any paths pattern next-flight-client-entry-loader
2026-03-19T19:57:11.196Z next:jsconfig-paths-plugin moduleName did not match any paths pattern next-flight-client-entry-loader
2026-03-19T19:57:11.196Z next:jsconfig-paths-plugin moduleName did not match any paths pattern next-flight-client-entry-loader
2026-03-19T19:57:11.196Z next:jsconfig-paths-plugin moduleName did not match any paths pattern next-flight-client-entry-loader
2026-03-19T19:57:11.196Z next:jsconfig-paths-plugin moduleName did not match any paths pattern next-flight-client-entry-loader
2026-03-19T19:57:11.196Z next:jsconfig-paths-plugin moduleName did not match any paths pattern next-flight-client-entry-loader
2026-03-19T19:57:11.196Z next:jsconfig-paths-plugin moduleName did not match any paths pattern next-flight-client-entry-loader
2026-03-19T19:57:11.196Z next:jsconfig-paths-plugin moduleName did not match any paths pattern next-flight-client-entry-loader
2026-03-19T19:57:11.196Z next:jsconfig-paths-plugin moduleName did not match any paths pattern next-flight-client-entry-loader
2026-03-19T19:57:11.196Z next:jsconfig-paths-plugin moduleName did not match any paths pattern next-flight-client-entry-loader
2026-03-19T19:57:11.196Z next:jsconfig-paths-plugin moduleName did not match any paths pattern next-flight-client-entry-loader
2026-03-19T19:57:11.196Z next:jsconfig-paths-plugin moduleName did not match any paths pattern next-flight-client-entry-loader
2026-03-19T19:57:11.196Z next:jsconfig-paths-plugin moduleName did not match any paths pattern next-flight-client-entry-loader
2026-03-19T19:57:11.197Z next:jsconfig-paths-plugin moduleName did not match any paths pattern next-flight-client-entry-loader
2026-03-19T19:57:11.197Z next:jsconfig-paths-plugin moduleName did not match any paths pattern next-flight-client-entry-loader
2026-03-19T19:57:11.197Z next:jsconfig-paths-plugin moduleName did not match any paths pattern next-flight-client-entry-loader
2026-03-19T19:57:11.218Z next:jsconfig-paths-plugin skipping request as it is a relative path ../../components/Tooltip
2026-03-19T19:57:11.218Z next:jsconfig-paths-plugin skipping request as it is a relative path ../../components/Tooltip
2026-03-19T19:57:11.218Z next:jsconfig-paths-plugin skipping request as it is an absolute path /Users/kamiltonkowicz/Documents/Coding/github/printflow/frontend/components/AuthProvider
2026-03-19T19:57:11.218Z next:jsconfig-paths-plugin skipping request as it is an absolute path /Users/kamiltonkowicz/Documents/Coding/github/printflow/frontend/components/Header
2026-03-19T19:57:11.219Z next:jsconfig-paths-plugin skipping request as it is an absolute path /Users/kamiltonkowicz/Documents/Coding/github/printflow/frontend/components/AuthProvider
2026-03-19T19:57:11.219Z next:jsconfig-paths-plugin skipping request as it is an absolute path /Users/kamiltonkowicz/Documents/Coding/github/printflow/frontend/components/Header
2026-03-19T19:57:11.219Z next:jsconfig-paths-plugin skipping request as it is an absolute path /Users/kamiltonkowicz/Documents/Coding/github/printflow/frontend/components/AuthProvider
2026-03-19T19:57:11.219Z next:jsconfig-paths-plugin skipping request as it is an absolute path /Users/kamiltonkowicz/Documents/Coding/github/printflow/frontend/components/Header
2026-03-19T19:57:11.219Z next:jsconfig-paths-plugin skipping request as it is an absolute path /Users/kamiltonkowicz/Documents/Coding/github/printflow/frontend/components/AuthProvider
2026-03-19T19:57:11.219Z next:jsconfig-paths-plugin skipping request as it is an absolute path /Users/kamiltonkowicz/Documents/Coding/github/printflow/frontend/components/Header
2026-03-19T19:57:11.219Z next:jsconfig-paths-plugin skipping request as it is an absolute path /Users/kamiltonkowicz/Documents/Coding/github/printflow/frontend/components/AuthProvider
2026-03-19T19:57:11.219Z next:jsconfig-paths-plugin skipping request as it is an absolute path /Users/kamiltonkowicz/Documents/Coding/github/printflow/frontend/components/Header
2026-03-19T19:57:11.220Z next:jsconfig-paths-plugin skipping request as it is an absolute path /Users/kamiltonkowicz/Documents/Coding/github/printflow/frontend/components/AuthProvider
2026-03-19T19:57:11.220Z next:jsconfig-paths-plugin skipping request as it is an absolute path /Users/kamiltonkowicz/Documents/Coding/github/printflow/frontend/components/Header
2026-03-19T19:57:11.220Z next:jsconfig-paths-plugin skipping request as it is an absolute path /Users/kamiltonkowicz/Documents/Coding/github/printflow/frontend/components/AuthProvider
2026-03-19T19:57:11.220Z next:jsconfig-paths-plugin skipping request as it is an absolute path /Users/kamiltonkowicz/Documents/Coding/github/printflow/frontend/components/Header
2026-03-19T19:57:11.220Z next:jsconfig-paths-plugin skipping request as it is an absolute path /Users/kamiltonkowicz/Documents/Coding/github/printflow/frontend/components/AuthProvider
2026-03-19T19:57:11.220Z next:jsconfig-paths-plugin skipping request as it is an absolute path /Users/kamiltonkowicz/Documents/Coding/github/printflow/frontend/components/Header
2026-03-19T19:57:11.220Z next:jsconfig-paths-plugin skipping request as it is an absolute path /Users/kamiltonkowicz/Documents/Coding/github/printflow/frontend/components/AuthProvider
2026-03-19T19:57:11.220Z next:jsconfig-paths-plugin skipping request as it is an absolute path /Users/kamiltonkowicz/Documents/Coding/github/printflow/frontend/components/Header
2026-03-19T19:57:11.220Z next:jsconfig-paths-plugin skipping request as it is an absolute path /Users/kamiltonkowicz/Documents/Coding/github/printflow/frontend/components/AuthProvider
2026-03-19T19:57:11.220Z next:jsconfig-paths-plugin skipping request as it is an absolute path /Users/kamiltonkowicz/Documents/Coding/github/printflow/frontend/components/Header
2026-03-19T19:57:11.221Z next:jsconfig-paths-plugin skipping request as it is an absolute path /Users/kamiltonkowicz/Documents/Coding/github/printflow/frontend/components/AuthProvider
2026-03-19T19:57:11.221Z next:jsconfig-paths-plugin skipping request as it is an absolute path /Users/kamiltonkowicz/Documents/Coding/github/printflow/frontend/components/Header
2026-03-19T19:57:11.221Z next:jsconfig-paths-plugin skipping request as it is an absolute path /Users/kamiltonkowicz/Documents/Coding/github/printflow/frontend/components/Header
2026-03-19T19:57:11.221Z next:jsconfig-paths-plugin skipping request as it is an absolute path /Users/kamiltonkowicz/Documents/Coding/github/printflow/frontend/components/AuthProvider
2026-03-19T19:57:11.221Z next:jsconfig-paths-plugin skipping request as it is an absolute path /Users/kamiltonkowicz/Documents/Coding/github/printflow/frontend/components/Header
2026-03-19T19:57:11.221Z next:jsconfig-paths-plugin skipping request as it is an absolute path /Users/kamiltonkowicz/Documents/Coding/github/printflow/frontend/components/Header
2026-03-19T19:57:11.227Z next:jsconfig-paths-plugin skipping request as it is inside node_modules ../client/link
2026-03-19T19:57:11.227Z next:jsconfig-paths-plugin skipping request as it is inside node_modules ../client/components/navigation
2026-03-19T19:57:11.227Z next:jsconfig-paths-plugin skipping request as it is inside node_modules ../client/link
2026-03-19T19:57:11.227Z next:jsconfig-paths-plugin skipping request as it is an absolute path /Users/kamiltonkowicz/Documents/Coding/github/printflow/frontend/components/AuthProvider
2026-03-19T19:57:11.227Z next:jsconfig-paths-plugin skipping request as it is an absolute path /Users/kamiltonkowicz/Documents/Coding/github/printflow/frontend/components/AuthProvider
2026-03-19T19:57:11.228Z next:jsconfig-paths-plugin moduleName did not match any paths pattern react-server-dom-webpack/client.edge
2026-03-19T19:57:11.228Z next:jsconfig-paths-plugin moduleName did not match any paths pattern react-server-dom-webpack/client.edge
2026-03-19T19:57:11.229Z next:jsconfig-paths-plugin skipping request as it is an absolute path /Users/kamiltonkowicz/Documents/Coding/github/printflow/frontend/components/AuthProvider
2026-03-19T19:57:11.229Z next:jsconfig-paths-plugin skipping request as it is an absolute path /Users/kamiltonkowicz/Documents/Coding/github/printflow/frontend/components/AuthProvider
2026-03-19T19:57:11.229Z next:jsconfig-paths-plugin skipping request as it is an absolute path /Users/kamiltonkowicz/Documents/Coding/github/printflow/frontend/components/Header
2026-03-19T19:57:11.229Z next:jsconfig-paths-plugin skipping request as it is an absolute path /Users/kamiltonkowicz/Documents/Coding/github/printflow/frontend/components/AuthProvider
2026-03-19T19:57:11.229Z next:jsconfig-paths-plugin skipping request as it is an absolute path /Users/kamiltonkowicz/Documents/Coding/github/printflow/frontend/components/AuthProvider
2026-03-19T19:57:11.229Z next:jsconfig-paths-plugin skipping request as it is an absolute path /Users/kamiltonkowicz/Documents/Coding/github/printflow/frontend/components/Header
2026-03-19T19:57:11.230Z next:jsconfig-paths-plugin skipping request as it is an absolute path /Users/kamiltonkowicz/Documents/Coding/github/printflow/frontend/components/Header
2026-03-19T19:57:11.230Z next:jsconfig-paths-plugin skipping request as it is an absolute path /Users/kamiltonkowicz/Documents/Coding/github/printflow/frontend/components/Header
2026-03-19T19:57:11.230Z next:jsconfig-paths-plugin skipping request as it is an absolute path /Users/kamiltonkowicz/Documents/Coding/github/printflow/frontend/components/Header
2026-03-19T19:57:11.230Z next:jsconfig-paths-plugin skipping request as it is an absolute path /Users/kamiltonkowicz/Documents/Coding/github/printflow/frontend/components/Header
2026-03-19T19:57:11.230Z next:jsconfig-paths-plugin skipping request as it is an absolute path /Users/kamiltonkowicz/Documents/Coding/github/printflow/frontend/components/Header
2026-03-19T19:57:11.230Z next:jsconfig-paths-plugin skipping request as it is an absolute path /Users/kamiltonkowicz/Documents/Coding/github/printflow/frontend/components/Header
2026-03-19T19:57:11.230Z next:jsconfig-paths-plugin skipping request as it is an absolute path /Users/kamiltonkowicz/Documents/Coding/github/printflow/frontend/components/Header
2026-03-19T19:57:11.230Z next:jsconfig-paths-plugin skipping request as it is an absolute path /Users/kamiltonkowicz/Documents/Coding/github/printflow/frontend/components/Header
2026-03-19T19:57:11.231Z next:jsconfig-paths-plugin skipping request as it is an absolute path /Users/kamiltonkowicz/Documents/Coding/github/printflow/frontend/components/Header
2026-03-19T19:57:11.231Z next:jsconfig-paths-plugin skipping request as it is an absolute path /Users/kamiltonkowicz/Documents/Coding/github/printflow/frontend/components/Header
2026-03-19T19:57:11.231Z next:jsconfig-paths-plugin skipping request as it is an absolute path /Users/kamiltonkowicz/Documents/Coding/github/printflow/frontend/components/Header
2026-03-19T19:57:11.231Z next:jsconfig-paths-plugin skipping request as it is an absolute path /Users/kamiltonkowicz/Documents/Coding/github/printflow/frontend/components/Header
2026-03-19T19:57:11.231Z next:jsconfig-paths-plugin skipping request as it is an absolute path /Users/kamiltonkowicz/Documents/Coding/github/printflow/frontend/components/Header
2026-03-19T19:57:11.231Z next:jsconfig-paths-plugin skipping request as it is an absolute path /Users/kamiltonkowicz/Documents/Coding/github/printflow/frontend/components/Header
2026-03-19T19:57:11.231Z next:jsconfig-paths-plugin skipping request as it is an absolute path /Users/kamiltonkowicz/Documents/Coding/github/printflow/frontend/components/Header
2026-03-19T19:57:11.231Z next:jsconfig-paths-plugin skipping request as it is an absolute path /Users/kamiltonkowicz/Documents/Coding/github/printflow/frontend/components/Header
2026-03-19T19:57:11.232Z next:jsconfig-paths-plugin skipping request as it is a relative path ../../components/Tooltip
2026-03-19T19:57:11.232Z next:jsconfig-paths-plugin skipping request as it is a relative path ../../components/Tooltip
2026-03-19T19:57:11.232Z next:jsconfig-paths-plugin skipping request as it is an absolute path /Users/kamiltonkowicz/Documents/Coding/github/printflow/frontend/components/AuthProvider
2026-03-19T19:57:11.233Z next:jsconfig-paths-plugin skipping request as it is an absolute path /Users/kamiltonkowicz/Documents/Coding/github/printflow/frontend/components/AuthProvider
2026-03-19T19:57:11.233Z next:jsconfig-paths-plugin skipping request as it is an absolute path /Users/kamiltonkowicz/Documents/Coding/github/printflow/frontend/components/AuthProvider
2026-03-19T19:57:11.233Z next:jsconfig-paths-plugin skipping request as it is an absolute path /Users/kamiltonkowicz/Documents/Coding/github/printflow/frontend/components/AuthProvider
2026-03-19T19:57:11.233Z next:jsconfig-paths-plugin skipping request as it is an absolute path /Users/kamiltonkowicz/Documents/Coding/github/printflow/frontend/components/AuthProvider
2026-03-19T19:57:11.233Z next:jsconfig-paths-plugin skipping request as it is an absolute path /Users/kamiltonkowicz/Documents/Coding/github/printflow/frontend/components/AuthProvider
2026-03-19T19:57:11.233Z next:jsconfig-paths-plugin skipping request as it is an absolute path /Users/kamiltonkowicz/Documents/Coding/github/printflow/frontend/components/AuthProvider
2026-03-19T19:57:11.233Z next:jsconfig-paths-plugin skipping request as it is an absolute path /Users/kamiltonkowicz/Documents/Coding/github/printflow/frontend/components/AuthProvider
2026-03-19T19:57:11.233Z next:jsconfig-paths-plugin skipping request as it is an absolute path /Users/kamiltonkowicz/Documents/Coding/github/printflow/frontend/components/AuthProvider
2026-03-19T19:57:11.233Z next:jsconfig-paths-plugin skipping request as it is an absolute path /Users/kamiltonkowicz/Documents/Coding/github/printflow/frontend/components/AuthProvider
2026-03-19T19:57:11.233Z next:jsconfig-paths-plugin skipping request as it is an absolute path /Users/kamiltonkowicz/Documents/Coding/github/printflow/frontend/components/AuthProvider
2026-03-19T19:57:11.234Z next:jsconfig-paths-plugin skipping request as it is an absolute path /Users/kamiltonkowicz/Documents/Coding/github/printflow/frontend/components/AuthProvider
2026-03-19T19:57:11.234Z next:jsconfig-paths-plugin skipping request as it is an absolute path /Users/kamiltonkowicz/Documents/Coding/github/printflow/frontend/components/AuthProvider
2026-03-19T19:57:11.234Z next:jsconfig-paths-plugin skipping request as it is an absolute path /Users/kamiltonkowicz/Documents/Coding/github/printflow/frontend/components/AuthProvider
2026-03-19T19:57:11.234Z next:jsconfig-paths-plugin skipping request as it is an absolute path /Users/kamiltonkowicz/Documents/Coding/github/printflow/frontend/components/AuthProvider
2026-03-19T19:57:11.234Z next:jsconfig-paths-plugin skipping request as it is an absolute path /Users/kamiltonkowicz/Documents/Coding/github/printflow/frontend/components/AuthProvider
2026-03-19T19:57:11.234Z next:jsconfig-paths-plugin skipping request as it is an absolute path /Users/kamiltonkowicz/Documents/Coding/github/printflow/frontend/components/AuthProvider
2026-03-19T19:57:11.234Z next:jsconfig-paths-plugin skipping request as it is an absolute path /Users/kamiltonkowicz/Documents/Coding/github/printflow/frontend/components/AuthProvider
2026-03-19T19:57:11.235Z next:jsconfig-paths-plugin skipping request as it is inside node_modules ../client/components/navigation
2026-03-19T19:57:11.247Z next:jsconfig-paths-plugin skipping request as it is an absolute path /Users/kamiltonkowicz/Documents/Coding/github/printflow/frontend/components/AuthProvider
2026-03-19T19:57:11.247Z next:jsconfig-paths-plugin skipping request as it is an absolute path /Users/kamiltonkowicz/Documents/Coding/github/printflow/frontend/components/AuthProvider
2026-03-19T19:57:11.249Z next:jsconfig-paths-plugin skipping request as it is an absolute path /Users/kamiltonkowicz/Documents/Coding/github/printflow/frontend/components/AuthProvider
2026-03-19T19:57:11.249Z next:jsconfig-paths-plugin skipping request as it is an absolute path /Users/kamiltonkowicz/Documents/Coding/github/printflow/frontend/components/AuthProvider
2026-03-19T19:57:11.254Z next:jsconfig-paths-plugin moduleName did not match any paths pattern react-server-dom-webpack/client.edge
2026-03-19T19:57:11.254Z next:jsconfig-paths-plugin skipping request as it is inside node_modules ../shared/lib/image-external
2026-03-19T19:57:11.255Z next:jsconfig-paths-plugin moduleName did not match any paths pattern react-server-dom-webpack/client.edge
2026-03-19T19:57:11.255Z next:jsconfig-paths-plugin skipping request as it is inside node_modules ../shared/lib/image-external
2026-03-19T19:57:11.447Z next:build:webpack-build server compiler finished 533ms
2026-03-19T19:57:11.895Z next:jsconfig-paths-plugin tsconfig.json or jsconfig.json paths: { '@/*': [ './*' ] }
2026-03-19T19:57:11.895Z next:jsconfig-paths-plugin resolved baseUrl: {
  baseUrl: '/Users/kamiltonkowicz/Documents/Coding/github/printflow/frontend',
  isImplicit: true
}
2026-03-19T19:57:11.898Z next:jsconfig-paths-plugin tsconfig.json or jsconfig.json paths: { '@/*': [ './*' ] }
2026-03-19T19:57:11.898Z next:jsconfig-paths-plugin resolved baseUrl: {
  baseUrl: '/Users/kamiltonkowicz/Documents/Coding/github/printflow/frontend',
  isImplicit: true
}
2026-03-19T19:57:11.903Z next:jsconfig-paths-plugin tsconfig.json or jsconfig.json paths: { '@/*': [ './*' ] }
2026-03-19T19:57:11.903Z next:jsconfig-paths-plugin resolved baseUrl: {
  baseUrl: '/Users/kamiltonkowicz/Documents/Coding/github/printflow/frontend',
  isImplicit: true
}
2026-03-19T19:57:11.947Z next:build:webpack-build starting compiler edge-server
2026-03-19T19:57:11.947Z next:build:webpack-build starting edge-server compiler
2026-03-19T19:57:12.013Z next:build:webpack-build edge-server compiler finished 66ms
2026-03-19T19:57:12.444Z next:jsconfig-paths-plugin tsconfig.json or jsconfig.json paths: { '@/*': [ './*' ] }
2026-03-19T19:57:12.445Z next:jsconfig-paths-plugin resolved baseUrl: {
  baseUrl: '/Users/kamiltonkowicz/Documents/Coding/github/printflow/frontend',
  isImplicit: true
}
2026-03-19T19:57:12.448Z next:jsconfig-paths-plugin tsconfig.json or jsconfig.json paths: { '@/*': [ './*' ] }
2026-03-19T19:57:12.448Z next:jsconfig-paths-plugin resolved baseUrl: {
  baseUrl: '/Users/kamiltonkowicz/Documents/Coding/github/printflow/frontend',
  isImplicit: true
}
2026-03-19T19:57:12.453Z next:jsconfig-paths-plugin tsconfig.json or jsconfig.json paths: { '@/*': [ './*' ] }
2026-03-19T19:57:12.453Z next:jsconfig-paths-plugin resolved baseUrl: {
  baseUrl: '/Users/kamiltonkowicz/Documents/Coding/github/printflow/frontend',
  isImplicit: true
}
2026-03-19T19:57:12.495Z next:build:webpack-build starting compiler client
2026-03-19T19:57:12.496Z next:build:webpack-build starting client compiler
2026-03-19T19:57:13.037Z next:build:webpack-build client compiler finished 541ms
 ✓ Compiled successfully
   Linting and checking validity of types ...
   Collecting page data ...
2026-03-19T19:57:15.964Z next:build:build-traces starting build traces
   Generating static pages (0/10) ...
TypeError: Cannot read properties of null (reading 'useContext')
    at t.useContext (/Users/kamiltonkowicz/Documents/Coding/github/printflow/frontend/node_modules/next/dist/compiled/next-server/app-page.runtime.prod.js:12:109363)
    at d (/Users/kamiltonkowicz/Documents/Coding/github/printflow/frontend/.next/server/chunks/318.js:1:22513)
    at h (/Users/kamiltonkowicz/Documents/Coding/github/printflow/frontend/.next/server/chunks/318.js:1:14448)
    at au (/Users/kamiltonkowicz/Documents/Coding/github/printflow/frontend/node_modules/next/dist/compiled/next-server/app-page.runtime.dev.js:35:10446)
    at /Users/kamiltonkowicz/Documents/Coding/github/printflow/frontend/node_modules/next/dist/compiled/next-server/app-page.runtime.dev.js:35:15122
    at aw (/Users/kamiltonkowicz/Documents/Coding/github/printflow/frontend/node_modules/next/dist/compiled/next-server/app-page.runtime.dev.js:35:16908)
    at a_ (/Users/kamiltonkowicz/Documents/Coding/github/printflow/frontend/node_modules/next/dist/compiled/next-server/app-page.runtime.dev.js:35:49776)
    at ab (/Users/kamiltonkowicz/Documents/Coding/github/printflow/frontend/node_modules/next/dist/compiled/next-server/app-page.runtime.dev.js:35:11808)
    at /Users/kamiltonkowicz/Documents/Coding/github/printflow/frontend/node_modules/next/dist/compiled/next-server/app-page.runtime.dev.js:35:16871
    at aw (/Users/kamiltonkowicz/Documents/Coding/github/printflow/frontend/node_modules/next/dist/compiled/next-server/app-page.runtime.dev.js:35:16908) {
  digest: '1281983987'
}
TypeError: Cannot read properties of null (reading 'useContext')
    at t.useContext (/Users/kamiltonkowicz/Documents/Coding/github/printflow/frontend/node_modules/next/dist/compiled/next-server/app-page.runtime.prod.js:12:109363)
    at d (/Users/kamiltonkowicz/Documents/Coding/github/printflow/frontend/.next/server/chunks/318.js:1:22513)
    at h (/Users/kamiltonkowicz/Documents/Coding/github/printflow/frontend/.next/server/chunks/318.js:1:14448)
    at au (/Users/kamiltonkowicz/Documents/Coding/github/printflow/frontend/node_modules/next/dist/compiled/next-server/app-page.runtime.dev.js:35:10446)
    at /Users/kamiltonkowicz/Documents/Coding/github/printflow/frontend/node_modules/next/dist/compiled/next-server/app-page.runtime.dev.js:35:15122
    at aw (/Users/kamiltonkowicz/Documents/Coding/github/printflow/frontend/node_modules/next/dist/compiled/next-server/app-page.runtime.dev.js:35:16908)
    at a_ (/Users/kamiltonkowicz/Documents/Coding/github/printflow/frontend/node_modules/next/dist/compiled/next-server/app-page.runtime.dev.js:35:49776)
    at ab (/Users/kamiltonkowicz/Documents/Coding/github/printflow/frontend/node_modules/next/dist/compiled/next-server/app-page.runtime.dev.js:35:11808)
    at /Users/kamiltonkowicz/Documents/Coding/github/printflow/frontend/node_modules/next/dist/compiled/next-server/app-page.runtime.dev.js:35:16871
    at aw (/Users/kamiltonkowicz/Documents/Coding/github/printflow/frontend/node_modules/next/dist/compiled/next-server/app-page.runtime.dev.js:35:16908)

Error occurred prerendering page "/auth/login". Read more: https://nextjs.org/docs/messages/prerender-error

TypeError: Cannot read properties of null (reading 'useContext')
    at t.useContext (/Users/kamiltonkowicz/Documents/Coding/github/printflow/frontend/node_modules/next/dist/compiled/next-server/app-page.runtime.prod.js:12:109363)
    at d (/Users/kamiltonkowicz/Documents/Coding/github/printflow/frontend/.next/server/chunks/318.js:1:22513)
    at h (/Users/kamiltonkowicz/Documents/Coding/github/printflow/frontend/.next/server/chunks/318.js:1:14448)
    at au (/Users/kamiltonkowicz/Documents/Coding/github/printflow/frontend/node_modules/next/dist/compiled/next-server/app-page.runtime.dev.js:35:10446)
    at /Users/kamiltonkowicz/Documents/Coding/github/printflow/frontend/node_modules/next/dist/compiled/next-server/app-page.runtime.dev.js:35:15122
    at aw (/Users/kamiltonkowicz/Documents/Coding/github/printflow/frontend/node_modules/next/dist/compiled/next-server/app-page.runtime.dev.js:35:16908)
    at a_ (/Users/kamiltonkowicz/Documents/Coding/github/printflow/frontend/node_modules/next/dist/compiled/next-server/app-page.runtime.dev.js:35:49776)
    at ab (/Users/kamiltonkowicz/Documents/Coding/github/printflow/frontend/node_modules/next/dist/compiled/next-server/app-page.runtime.dev.js:35:11808)
    at /Users/kamiltonkowicz/Documents/Coding/github/printflow/frontend/node_modules/next/dist/compiled/next-server/app-page.runtime.dev.js:35:16871
    at aw (/Users/kamiltonkowicz/Documents/Coding/github/printflow/frontend/node_modules/next/dist/compiled/next-server/app-page.runtime.dev.js:35:16908)
TypeError: Cannot read properties of null (reading 'useContext')
    at t.useContext (/Users/kamiltonkowicz/Documents/Coding/github/printflow/frontend/node_modules/next/dist/compiled/next-server/app-page.runtime.prod.js:12:109363)
    at d (/Users/kamiltonkowicz/Documents/Coding/github/printflow/frontend/.next/server/chunks/318.js:1:22513)
    at h (/Users/kamiltonkowicz/Documents/Coding/github/printflow/frontend/.next/server/chunks/318.js:1:14448)
    at au (/Users/kamiltonkowicz/Documents/Coding/github/printflow/frontend/node_modules/next/dist/compiled/next-server/app-page.runtime.dev.js:35:10446)
    at /Users/kamiltonkowicz/Documents/Coding/github/printflow/frontend/node_modules/next/dist/compiled/next-server/app-page.runtime.dev.js:35:15122
    at aw (/Users/kamiltonkowicz/Documents/Coding/github/printflow/frontend/node_modules/next/dist/compiled/next-server/app-page.runtime.dev.js:35:16908)
    at a_ (/Users/kamiltonkowicz/Documents/Coding/github/printflow/frontend/node_modules/next/dist/compiled/next-server/app-page.runtime.dev.js:35:49776)
    at ab (/Users/kamiltonkowicz/Documents/Coding/github/printflow/frontend/node_modules/next/dist/compiled/next-server/app-page.runtime.dev.js:35:11808)
    at /Users/kamiltonkowicz/Documents/Coding/github/printflow/frontend/node_modules/next/dist/compiled/next-server/app-page.runtime.dev.js:35:16871
    at aw (/Users/kamiltonkowicz/Documents/Coding/github/printflow/frontend/node_modules/next/dist/compiled/next-server/app-page.runtime.dev.js:35:16908) {
  digest: '1281983987'
}
TypeError: Cannot read properties of null (reading 'useContext')
    at t.useContext (/Users/kamiltonkowicz/Documents/Coding/github/printflow/frontend/node_modules/next/dist/compiled/next-server/app-page.runtime.prod.js:12:109363)
    at d (/Users/kamiltonkowicz/Documents/Coding/github/printflow/frontend/.next/server/chunks/318.js:1:22513)
    at h (/Users/kamiltonkowicz/Documents/Coding/github/printflow/frontend/.next/server/chunks/318.js:1:14448)
    at au (/Users/kamiltonkowicz/Documents/Coding/github/printflow/frontend/node_modules/next/dist/compiled/next-server/app-page.runtime.dev.js:35:10446)
    at /Users/kamiltonkowicz/Documents/Coding/github/printflow/frontend/node_modules/next/dist/compiled/next-server/app-page.runtime.dev.js:35:15122
    at aw (/Users/kamiltonkowicz/Documents/Coding/github/printflow/frontend/node_modules/next/dist/compiled/next-server/app-page.runtime.dev.js:35:16908)
    at a_ (/Users/kamiltonkowicz/Documents/Coding/github/printflow/frontend/node_modules/next/dist/compiled/next-server/app-page.runtime.dev.js:35:49776)
    at ab (/Users/kamiltonkowicz/Documents/Coding/github/printflow/frontend/node_modules/next/dist/compiled/next-server/app-page.runtime.dev.js:35:11808)
    at /Users/kamiltonkowicz/Documents/Coding/github/printflow/frontend/node_modules/next/dist/compiled/next-server/app-page.runtime.dev.js:35:16871
    at aw (/Users/kamiltonkowicz/Documents/Coding/github/printflow/frontend/node_modules/next/dist/compiled/next-server/app-page.runtime.dev.js:35:16908)

Error occurred prerendering page "/". Read more: https://nextjs.org/docs/messages/prerender-error

TypeError: Cannot read properties of null (reading 'useContext')
    at t.useContext (/Users/kamiltonkowicz/Documents/Coding/github/printflow/frontend/node_modules/next/dist/compiled/next-server/app-page.runtime.prod.js:12:109363)
    at d (/Users/kamiltonkowicz/Documents/Coding/github/printflow/frontend/.next/server/chunks/318.js:1:22513)
    at h (/Users/kamiltonkowicz/Documents/Coding/github/printflow/frontend/.next/server/chunks/318.js:1:14448)
    at au (/Users/kamiltonkowicz/Documents/Coding/github/printflow/frontend/node_modules/next/dist/compiled/next-server/app-page.runtime.dev.js:35:10446)
    at /Users/kamiltonkowicz/Documents/Coding/github/printflow/frontend/node_modules/next/dist/compiled/next-server/app-page.runtime.dev.js:35:15122
    at aw (/Users/kamiltonkowicz/Documents/Coding/github/printflow/frontend/node_modules/next/dist/compiled/next-server/app-page.runtime.dev.js:35:16908)
    at a_ (/Users/kamiltonkowicz/Documents/Coding/github/printflow/frontend/node_modules/next/dist/compiled/next-server/app-page.runtime.dev.js:35:49776)
    at ab (/Users/kamiltonkowicz/Documents/Coding/github/printflow/frontend/node_modules/next/dist/compiled/next-server/app-page.runtime.dev.js:35:11808)
    at /Users/kamiltonkowicz/Documents/Coding/github/printflow/frontend/node_modules/next/dist/compiled/next-server/app-page.runtime.dev.js:35:16871
    at aw (/Users/kamiltonkowicz/Documents/Coding/github/printflow/frontend/node_modules/next/dist/compiled/next-server/app-page.runtime.dev.js:35:16908)
TypeError: Cannot read properties of null (reading 'useContext')
    at t.useContext (/Users/kamiltonkowicz/Documents/Coding/github/printflow/frontend/node_modules/next/dist/compiled/next-server/app-page.runtime.prod.js:12:109363)
    at d (/Users/kamiltonkowicz/Documents/Coding/github/printflow/frontend/.next/server/chunks/318.js:1:22513)
    at h (/Users/kamiltonkowicz/Documents/Coding/github/printflow/frontend/.next/server/chunks/318.js:1:14448)
    at au (/Users/kamiltonkowicz/Documents/Coding/github/printflow/frontend/node_modules/next/dist/compiled/next-server/app-page.runtime.dev.js:35:10446)
    at /Users/kamiltonkowicz/Documents/Coding/github/printflow/frontend/node_modules/next/dist/compiled/next-server/app-page.runtime.dev.js:35:15122
    at aw (/Users/kamiltonkowicz/Documents/Coding/github/printflow/frontend/node_modules/next/dist/compiled/next-server/app-page.runtime.dev.js:35:16908)
    at a_ (/Users/kamiltonkowicz/Documents/Coding/github/printflow/frontend/node_modules/next/dist/compiled/next-server/app-page.runtime.dev.js:35:49776)
    at ab (/Users/kamiltonkowicz/Documents/Coding/github/printflow/frontend/node_modules/next/dist/compiled/next-server/app-page.runtime.dev.js:35:11808)
    at /Users/kamiltonkowicz/Documents/Coding/github/printflow/frontend/node_modules/next/dist/compiled/next-server/app-page.runtime.dev.js:35:16871
    at aw (/Users/kamiltonkowicz/Documents/Coding/github/printflow/frontend/node_modules/next/dist/compiled/next-server/app-page.runtime.dev.js:35:16908) {
  digest: '1281983987'
}
TypeError: Cannot read properties of null (reading 'useContext')
    at t.useContext (/Users/kamiltonkowicz/Documents/Coding/github/printflow/frontend/node_modules/next/dist/compiled/next-server/app-page.runtime.prod.js:12:109363)
    at d (/Users/kamiltonkowicz/Documents/Coding/github/printflow/frontend/.next/server/chunks/318.js:1:22513)
    at h (/Users/kamiltonkowicz/Documents/Coding/github/printflow/frontend/.next/server/chunks/318.js:1:14448)
    at au (/Users/kamiltonkowicz/Documents/Coding/github/printflow/frontend/node_modules/next/dist/compiled/next-server/app-page.runtime.dev.js:35:10446)
    at /Users/kamiltonkowicz/Documents/Coding/github/printflow/frontend/node_modules/next/dist/compiled/next-server/app-page.runtime.dev.js:35:15122
    at aw (/Users/kamiltonkowicz/Documents/Coding/github/printflow/frontend/node_modules/next/dist/compiled/next-server/app-page.runtime.dev.js:35:16908)
    at a_ (/Users/kamiltonkowicz/Documents/Coding/github/printflow/frontend/node_modules/next/dist/compiled/next-server/app-page.runtime.dev.js:35:49776)
    at ab (/Users/kamiltonkowicz/Documents/Coding/github/printflow/frontend/node_modules/next/dist/compiled/next-server/app-page.runtime.dev.js:35:11808)
    at /Users/kamiltonkowicz/Documents/Coding/github/printflow/frontend/node_modules/next/dist/compiled/next-server/app-page.runtime.dev.js:35:16871
    at aw (/Users/kamiltonkowicz/Documents/Coding/github/printflow/frontend/node_modules/next/dist/compiled/next-server/app-page.runtime.dev.js:35:16908)

Error occurred prerendering page "/admin/clients". Read more: https://nextjs.org/docs/messages/prerender-error

TypeError: Cannot read properties of null (reading 'useContext')
    at t.useContext (/Users/kamiltonkowicz/Documents/Coding/github/printflow/frontend/node_modules/next/dist/compiled/next-server/app-page.runtime.prod.js:12:109363)
    at d (/Users/kamiltonkowicz/Documents/Coding/github/printflow/frontend/.next/server/chunks/318.js:1:22513)
    at h (/Users/kamiltonkowicz/Documents/Coding/github/printflow/frontend/.next/server/chunks/318.js:1:14448)
    at au (/Users/kamiltonkowicz/Documents/Coding/github/printflow/frontend/node_modules/next/dist/compiled/next-server/app-page.runtime.dev.js:35:10446)
    at /Users/kamiltonkowicz/Documents/Coding/github/printflow/frontend/node_modules/next/dist/compiled/next-server/app-page.runtime.dev.js:35:15122
    at aw (/Users/kamiltonkowicz/Documents/Coding/github/printflow/frontend/node_modules/next/dist/compiled/next-server/app-page.runtime.dev.js:35:16908)
    at a_ (/Users/kamiltonkowicz/Documents/Coding/github/printflow/frontend/node_modules/next/dist/compiled/next-server/app-page.runtime.dev.js:35:49776)
    at ab (/Users/kamiltonkowicz/Documents/Coding/github/printflow/frontend/node_modules/next/dist/compiled/next-server/app-page.runtime.dev.js:35:11808)
    at /Users/kamiltonkowicz/Documents/Coding/github/printflow/frontend/node_modules/next/dist/compiled/next-server/app-page.runtime.dev.js:35:16871
    at aw (/Users/kamiltonkowicz/Documents/Coding/github/printflow/frontend/node_modules/next/dist/compiled/next-server/app-page.runtime.dev.js:35:16908)
TypeError: Cannot read properties of null (reading 'useContext')
    at t.useContext (/Users/kamiltonkowicz/Documents/Coding/github/printflow/frontend/node_modules/next/dist/compiled/next-server/app-page.runtime.prod.js:12:109363)
    at d (/Users/kamiltonkowicz/Documents/Coding/github/printflow/frontend/.next/server/chunks/318.js:1:22513)
    at h (/Users/kamiltonkowicz/Documents/Coding/github/printflow/frontend/.next/server/chunks/318.js:1:14448)
    at au (/Users/kamiltonkowicz/Documents/Coding/github/printflow/frontend/node_modules/next/dist/compiled/next-server/app-page.runtime.dev.js:35:10446)
    at /Users/kamiltonkowicz/Documents/Coding/github/printflow/frontend/node_modules/next/dist/compiled/next-server/app-page.runtime.dev.js:35:15122
    at aw (/Users/kamiltonkowicz/Documents/Coding/github/printflow/frontend/node_modules/next/dist/compiled/next-server/app-page.runtime.dev.js:35:16908)
    at a_ (/Users/kamiltonkowicz/Documents/Coding/github/printflow/frontend/node_modules/next/dist/compiled/next-server/app-page.runtime.dev.js:35:49776)
    at ab (/Users/kamiltonkowicz/Documents/Coding/github/printflow/frontend/node_modules/next/dist/compiled/next-server/app-page.runtime.dev.js:35:11808)
    at /Users/kamiltonkowicz/Documents/Coding/github/printflow/frontend/node_modules/next/dist/compiled/next-server/app-page.runtime.dev.js:35:16871
    at aw (/Users/kamiltonkowicz/Documents/Coding/github/printflow/frontend/node_modules/next/dist/compiled/next-server/app-page.runtime.dev.js:35:16908) {
  digest: '1281983987'
}
TypeError: Cannot read properties of null (reading 'useContext')
    at t.useContext (/Users/kamiltonkowicz/Documents/Coding/github/printflow/frontend/node_modules/next/dist/compiled/next-server/app-page.runtime.prod.js:12:109363)
    at d (/Users/kamiltonkowicz/Documents/Coding/github/printflow/frontend/.next/server/chunks/318.js:1:22513)
    at h (/Users/kamiltonkowicz/Documents/Coding/github/printflow/frontend/.next/server/chunks/318.js:1:14448)
    at au (/Users/kamiltonkowicz/Documents/Coding/github/printflow/frontend/node_modules/next/dist/compiled/next-server/app-page.runtime.dev.js:35:10446)
    at /Users/kamiltonkowicz/Documents/Coding/github/printflow/frontend/node_modules/next/dist/compiled/next-server/app-page.runtime.dev.js:35:15122
    at aw (/Users/kamiltonkowicz/Documents/Coding/github/printflow/frontend/node_modules/next/dist/compiled/next-server/app-page.runtime.dev.js:35:16908)
    at a_ (/Users/kamiltonkowicz/Documents/Coding/github/printflow/frontend/node_modules/next/dist/compiled/next-server/app-page.runtime.dev.js:35:49776)
    at ab (/Users/kamiltonkowicz/Documents/Coding/github/printflow/frontend/node_modules/next/dist/compiled/next-server/app-page.runtime.dev.js:35:11808)
    at /Users/kamiltonkowicz/Documents/Coding/github/printflow/frontend/node_modules/next/dist/compiled/next-server/app-page.runtime.dev.js:35:16871
    at aw (/Users/kamiltonkowicz/Documents/Coding/github/printflow/frontend/node_modules/next/dist/compiled/next-server/app-page.runtime.dev.js:35:16908)

Error occurred prerendering page "/_not-found". Read more: https://nextjs.org/docs/messages/prerender-error

TypeError: Cannot read properties of null (reading 'useContext')
    at t.useContext (/Users/kamiltonkowicz/Documents/Coding/github/printflow/frontend/node_modules/next/dist/compiled/next-server/app-page.runtime.prod.js:12:109363)
    at d (/Users/kamiltonkowicz/Documents/Coding/github/printflow/frontend/.next/server/chunks/318.js:1:22513)
    at h (/Users/kamiltonkowicz/Documents/Coding/github/printflow/frontend/.next/server/chunks/318.js:1:14448)
    at au (/Users/kamiltonkowicz/Documents/Coding/github/printflow/frontend/node_modules/next/dist/compiled/next-server/app-page.runtime.dev.js:35:10446)
    at /Users/kamiltonkowicz/Documents/Coding/github/printflow/frontend/node_modules/next/dist/compiled/next-server/app-page.runtime.dev.js:35:15122
    at aw (/Users/kamiltonkowicz/Documents/Coding/github/printflow/frontend/node_modules/next/dist/compiled/next-server/app-page.runtime.dev.js:35:16908)
    at a_ (/Users/kamiltonkowicz/Documents/Coding/github/printflow/frontend/node_modules/next/dist/compiled/next-server/app-page.runtime.dev.js:35:49776)
    at ab (/Users/kamiltonkowicz/Documents/Coding/github/printflow/frontend/node_modules/next/dist/compiled/next-server/app-page.runtime.dev.js:35:11808)
    at /Users/kamiltonkowicz/Documents/Coding/github/printflow/frontend/node_modules/next/dist/compiled/next-server/app-page.runtime.dev.js:35:16871
    at aw (/Users/kamiltonkowicz/Documents/Coding/github/printflow/frontend/node_modules/next/dist/compiled/next-server/app-page.runtime.dev.js:35:16908)
TypeError: Cannot read properties of null (reading 'useContext')
    at t.useContext (/Users/kamiltonkowicz/Documents/Coding/github/printflow/frontend/node_modules/next/dist/compiled/next-server/app-page.runtime.prod.js:12:109363)
    at d (/Users/kamiltonkowicz/Documents/Coding/github/printflow/frontend/.next/server/chunks/318.js:1:22513)
    at h (/Users/kamiltonkowicz/Documents/Coding/github/printflow/frontend/.next/server/chunks/318.js:1:14448)
    at au (/Users/kamiltonkowicz/Documents/Coding/github/printflow/frontend/node_modules/next/dist/compiled/next-server/app-page.runtime.dev.js:35:10446)
    at /Users/kamiltonkowicz/Documents/Coding/github/printflow/frontend/node_modules/next/dist/compiled/next-server/app-page.runtime.dev.js:35:15122
    at aw (/Users/kamiltonkowicz/Documents/Coding/github/printflow/frontend/node_modules/next/dist/compiled/next-server/app-page.runtime.dev.js:35:16908)
    at a_ (/Users/kamiltonkowicz/Documents/Coding/github/printflow/frontend/node_modules/next/dist/compiled/next-server/app-page.runtime.dev.js:35:49776)
    at ab (/Users/kamiltonkowicz/Documents/Coding/github/printflow/frontend/node_modules/next/dist/compiled/next-server/app-page.runtime.dev.js:35:11808)
    at /Users/kamiltonkowicz/Documents/Coding/github/printflow/frontend/node_modules/next/dist/compiled/next-server/app-page.runtime.dev.js:35:16871
    at aw (/Users/kamiltonkowicz/Documents/Coding/github/printflow/frontend/node_modules/next/dist/compiled/next-server/app-page.runtime.dev.js:35:16908) {
  digest: '1281983987'
}
TypeError: Cannot read properties of null (reading 'useContext')
    at t.useContext (/Users/kamiltonkowicz/Documents/Coding/github/printflow/frontend/node_modules/next/dist/compiled/next-server/app-page.runtime.prod.js:12:109363)
    at d (/Users/kamiltonkowicz/Documents/Coding/github/printflow/frontend/.next/server/chunks/318.js:1:22513)
    at h (/Users/kamiltonkowicz/Documents/Coding/github/printflow/frontend/.next/server/chunks/318.js:1:14448)
    at au (/Users/kamiltonkowicz/Documents/Coding/github/printflow/frontend/node_modules/next/dist/compiled/next-server/app-page.runtime.dev.js:35:10446)
    at /Users/kamiltonkowicz/Documents/Coding/github/printflow/frontend/node_modules/next/dist/compiled/next-server/app-page.runtime.dev.js:35:15122
    at aw (/Users/kamiltonkowicz/Documents/Coding/github/printflow/frontend/node_modules/next/dist/compiled/next-server/app-page.runtime.dev.js:35:16908)
    at a_ (/Users/kamiltonkowicz/Documents/Coding/github/printflow/frontend/node_modules/next/dist/compiled/next-server/app-page.runtime.dev.js:35:49776)
    at ab (/Users/kamiltonkowicz/Documents/Coding/github/printflow/frontend/node_modules/next/dist/compiled/next-server/app-page.runtime.dev.js:35:11808)
    at /Users/kamiltonkowicz/Documents/Coding/github/printflow/frontend/node_modules/next/dist/compiled/next-server/app-page.runtime.dev.js:35:16871
    at aw (/Users/kamiltonkowicz/Documents/Coding/github/printflow/frontend/node_modules/next/dist/compiled/next-server/app-page.runtime.dev.js:35:16908)

Error occurred prerendering page "/auth/callback". Read more: https://nextjs.org/docs/messages/prerender-error

TypeError: Cannot read properties of null (reading 'useContext')
    at t.useContext (/Users/kamiltonkowicz/Documents/Coding/github/printflow/frontend/node_modules/next/dist/compiled/next-server/app-page.runtime.prod.js:12:109363)
    at d (/Users/kamiltonkowicz/Documents/Coding/github/printflow/frontend/.next/server/chunks/318.js:1:22513)
    at h (/Users/kamiltonkowicz/Documents/Coding/github/printflow/frontend/.next/server/chunks/318.js:1:14448)
    at au (/Users/kamiltonkowicz/Documents/Coding/github/printflow/frontend/node_modules/next/dist/compiled/next-server/app-page.runtime.dev.js:35:10446)
    at /Users/kamiltonkowicz/Documents/Coding/github/printflow/frontend/node_modules/next/dist/compiled/next-server/app-page.runtime.dev.js:35:15122
    at aw (/Users/kamiltonkowicz/Documents/Coding/github/printflow/frontend/node_modules/next/dist/compiled/next-server/app-page.runtime.dev.js:35:16908)
    at a_ (/Users/kamiltonkowicz/Documents/Coding/github/printflow/frontend/node_modules/next/dist/compiled/next-server/app-page.runtime.dev.js:35:49776)
    at ab (/Users/kamiltonkowicz/Documents/Coding/github/printflow/frontend/node_modules/next/dist/compiled/next-server/app-page.runtime.dev.js:35:11808)
    at /Users/kamiltonkowicz/Documents/Coding/github/printflow/frontend/node_modules/next/dist/compiled/next-server/app-page.runtime.dev.js:35:16871
    at aw (/Users/kamiltonkowicz/Documents/Coding/github/printflow/frontend/node_modules/next/dist/compiled/next-server/app-page.runtime.dev.js:35:16908)
   Generating static pages (2/10) 
   Generating static pages (4/10) 
TypeError: Cannot read properties of null (reading 'useContext')
    at t.useContext (/Users/kamiltonkowicz/Documents/Coding/github/printflow/frontend/node_modules/next/dist/compiled/next-server/app-page.runtime.prod.js:12:109363)
    at d (/Users/kamiltonkowicz/Documents/Coding/github/printflow/frontend/.next/server/chunks/318.js:1:22513)
    at h (/Users/kamiltonkowicz/Documents/Coding/github/printflow/frontend/.next/server/chunks/318.js:1:14448)
    at au (/Users/kamiltonkowicz/Documents/Coding/github/printflow/frontend/node_modules/next/dist/compiled/next-server/app-page.runtime.dev.js:35:10446)
    at /Users/kamiltonkowicz/Documents/Coding/github/printflow/frontend/node_modules/next/dist/compiled/next-server/app-page.runtime.dev.js:35:15122
    at aw (/Users/kamiltonkowicz/Documents/Coding/github/printflow/frontend/node_modules/next/dist/compiled/next-server/app-page.runtime.dev.js:35:16908)
    at a_ (/Users/kamiltonkowicz/Documents/Coding/github/printflow/frontend/node_modules/next/dist/compiled/next-server/app-page.runtime.dev.js:35:49776)
    at ab (/Users/kamiltonkowicz/Documents/Coding/github/printflow/frontend/node_modules/next/dist/compiled/next-server/app-page.runtime.dev.js:35:11808)
    at /Users/kamiltonkowicz/Documents/Coding/github/printflow/frontend/node_modules/next/dist/compiled/next-server/app-page.runtime.dev.js:35:16871
    at aw (/Users/kamiltonkowicz/Documents/Coding/github/printflow/frontend/node_modules/next/dist/compiled/next-server/app-page.runtime.dev.js:35:16908) {
  digest: '1281983987'
}
TypeError: Cannot read properties of null (reading 'useContext')
    at t.useContext (/Users/kamiltonkowicz/Documents/Coding/github/printflow/frontend/node_modules/next/dist/compiled/next-server/app-page.runtime.prod.js:12:109363)
    at d (/Users/kamiltonkowicz/Documents/Coding/github/printflow/frontend/.next/server/chunks/318.js:1:22513)
    at h (/Users/kamiltonkowicz/Documents/Coding/github/printflow/frontend/.next/server/chunks/318.js:1:14448)
    at au (/Users/kamiltonkowicz/Documents/Coding/github/printflow/frontend/node_modules/next/dist/compiled/next-server/app-page.runtime.dev.js:35:10446)
    at /Users/kamiltonkowicz/Documents/Coding/github/printflow/frontend/node_modules/next/dist/compiled/next-server/app-page.runtime.dev.js:35:15122
    at aw (/Users/kamiltonkowicz/Documents/Coding/github/printflow/frontend/node_modules/next/dist/compiled/next-server/app-page.runtime.dev.js:35:16908)
    at a_ (/Users/kamiltonkowicz/Documents/Coding/github/printflow/frontend/node_modules/next/dist/compiled/next-server/app-page.runtime.dev.js:35:49776)
    at ab (/Users/kamiltonkowicz/Documents/Coding/github/printflow/frontend/node_modules/next/dist/compiled/next-server/app-page.runtime.dev.js:35:11808)
    at /Users/kamiltonkowicz/Documents/Coding/github/printflow/frontend/node_modules/next/dist/compiled/next-server/app-page.runtime.dev.js:35:16871
    at aw (/Users/kamiltonkowicz/Documents/Coding/github/printflow/frontend/node_modules/next/dist/compiled/next-server/app-page.runtime.dev.js:35:16908) {
  digest: '1281983987'
}
TypeError: Cannot read properties of null (reading 'useContext')
    at t.useContext (/Users/kamiltonkowicz/Documents/Coding/github/printflow/frontend/node_modules/next/dist/compiled/next-server/app-page.runtime.prod.js:12:109363)
    at d (/Users/kamiltonkowicz/Documents/Coding/github/printflow/frontend/.next/server/chunks/318.js:1:22513)
    at h (/Users/kamiltonkowicz/Documents/Coding/github/printflow/frontend/.next/server/chunks/318.js:1:14448)
    at au (/Users/kamiltonkowicz/Documents/Coding/github/printflow/frontend/node_modules/next/dist/compiled/next-server/app-page.runtime.dev.js:35:10446)
    at /Users/kamiltonkowicz/Documents/Coding/github/printflow/frontend/node_modules/next/dist/compiled/next-server/app-page.runtime.dev.js:35:15122
    at aw (/Users/kamiltonkowicz/Documents/Coding/github/printflow/frontend/node_modules/next/dist/compiled/next-server/app-page.runtime.dev.js:35:16908)
    at a_ (/Users/kamiltonkowicz/Documents/Coding/github/printflow/frontend/node_modules/next/dist/compiled/next-server/app-page.runtime.dev.js:35:49776)
    at ab (/Users/kamiltonkowicz/Documents/Coding/github/printflow/frontend/node_modules/next/dist/compiled/next-server/app-page.runtime.dev.js:35:11808)
    at /Users/kamiltonkowicz/Documents/Coding/github/printflow/frontend/node_modules/next/dist/compiled/next-server/app-page.runtime.dev.js:35:16871
    at aw (/Users/kamiltonkowicz/Documents/Coding/github/printflow/frontend/node_modules/next/dist/compiled/next-server/app-page.runtime.dev.js:35:16908)

Error occurred prerendering page "/admin/offers". Read more: https://nextjs.org/docs/messages/prerender-error

TypeError: Cannot read properties of null (reading 'useContext')
    at t.useContext (/Users/kamiltonkowicz/Documents/Coding/github/printflow/frontend/node_modules/next/dist/compiled/next-server/app-page.runtime.prod.js:12:109363)
    at d (/Users/kamiltonkowicz/Documents/Coding/github/printflow/frontend/.next/server/chunks/318.js:1:22513)
    at h (/Users/kamiltonkowicz/Documents/Coding/github/printflow/frontend/.next/server/chunks/318.js:1:14448)
    at au (/Users/kamiltonkowicz/Documents/Coding/github/printflow/frontend/node_modules/next/dist/compiled/next-server/app-page.runtime.dev.js:35:10446)
    at /Users/kamiltonkowicz/Documents/Coding/github/printflow/frontend/node_modules/next/dist/compiled/next-server/app-page.runtime.dev.js:35:15122
    at aw (/Users/kamiltonkowicz/Documents/Coding/github/printflow/frontend/node_modules/next/dist/compiled/next-server/app-page.runtime.dev.js:35:16908)
    at a_ (/Users/kamiltonkowicz/Documents/Coding/github/printflow/frontend/node_modules/next/dist/compiled/next-server/app-page.runtime.dev.js:35:49776)
    at ab (/Users/kamiltonkowicz/Documents/Coding/github/printflow/frontend/node_modules/next/dist/compiled/next-server/app-page.runtime.dev.js:35:11808)
    at /Users/kamiltonkowicz/Documents/Coding/github/printflow/frontend/node_modules/next/dist/compiled/next-server/app-page.runtime.dev.js:35:16871
    at aw (/Users/kamiltonkowicz/Documents/Coding/github/printflow/frontend/node_modules/next/dist/compiled/next-server/app-page.runtime.dev.js:35:16908)
TypeError: Cannot read properties of null (reading 'useContext')
    at t.useContext (/Users/kamiltonkowicz/Documents/Coding/github/printflow/frontend/node_modules/next/dist/compiled/next-server/app-page.runtime.prod.js:12:109363)
    at d (/Users/kamiltonkowicz/Documents/Coding/github/printflow/frontend/.next/server/chunks/318.js:1:22513)
    at h (/Users/kamiltonkowicz/Documents/Coding/github/printflow/frontend/.next/server/chunks/318.js:1:14448)
    at au (/Users/kamiltonkowicz/Documents/Coding/github/printflow/frontend/node_modules/next/dist/compiled/next-server/app-page.runtime.dev.js:35:10446)
    at /Users/kamiltonkowicz/Documents/Coding/github/printflow/frontend/node_modules/next/dist/compiled/next-server/app-page.runtime.dev.js:35:15122
    at aw (/Users/kamiltonkowicz/Documents/Coding/github/printflow/frontend/node_modules/next/dist/compiled/next-server/app-page.runtime.dev.js:35:16908)
    at a_ (/Users/kamiltonkowicz/Documents/Coding/github/printflow/frontend/node_modules/next/dist/compiled/next-server/app-page.runtime.dev.js:35:49776)
    at ab (/Users/kamiltonkowicz/Documents/Coding/github/printflow/frontend/node_modules/next/dist/compiled/next-server/app-page.runtime.dev.js:35:11808)
    at /Users/kamiltonkowicz/Documents/Coding/github/printflow/frontend/node_modules/next/dist/compiled/next-server/app-page.runtime.dev.js:35:16871
    at aw (/Users/kamiltonkowicz/Documents/Coding/github/printflow/frontend/node_modules/next/dist/compiled/next-server/app-page.runtime.dev.js:35:16908)

Error occurred prerendering page "/admin/offers/new". Read more: https://nextjs.org/docs/messages/prerender-error

TypeError: Cannot read properties of null (reading 'useContext')
    at t.useContext (/Users/kamiltonkowicz/Documents/Coding/github/printflow/frontend/node_modules/next/dist/compiled/next-server/app-page.runtime.prod.js:12:109363)
    at d (/Users/kamiltonkowicz/Documents/Coding/github/printflow/frontend/.next/server/chunks/318.js:1:22513)
    at h (/Users/kamiltonkowicz/Documents/Coding/github/printflow/frontend/.next/server/chunks/318.js:1:14448)
    at au (/Users/kamiltonkowicz/Documents/Coding/github/printflow/frontend/node_modules/next/dist/compiled/next-server/app-page.runtime.dev.js:35:10446)
    at /Users/kamiltonkowicz/Documents/Coding/github/printflow/frontend/node_modules/next/dist/compiled/next-server/app-page.runtime.dev.js:35:15122
    at aw (/Users/kamiltonkowicz/Documents/Coding/github/printflow/frontend/node_modules/next/dist/compiled/next-server/app-page.runtime.dev.js:35:16908)
    at a_ (/Users/kamiltonkowicz/Documents/Coding/github/printflow/frontend/node_modules/next/dist/compiled/next-server/app-page.runtime.dev.js:35:49776)
    at ab (/Users/kamiltonkowicz/Documents/Coding/github/printflow/frontend/node_modules/next/dist/compiled/next-server/app-page.runtime.dev.js:35:11808)
    at /Users/kamiltonkowicz/Documents/Coding/github/printflow/frontend/node_modules/next/dist/compiled/next-server/app-page.runtime.dev.js:35:16871
    at aw (/Users/kamiltonkowicz/Documents/Coding/github/printflow/frontend/node_modules/next/dist/compiled/next-server/app-page.runtime.dev.js:35:16908)
TypeError: Cannot read properties of null (reading 'useContext')
    at t.useContext (/Users/kamiltonkowicz/Documents/Coding/github/printflow/frontend/node_modules/next/dist/compiled/next-server/app-page.runtime.prod.js:12:109363)
    at d (/Users/kamiltonkowicz/Documents/Coding/github/printflow/frontend/.next/server/chunks/318.js:1:22513)
    at h (/Users/kamiltonkowicz/Documents/Coding/github/printflow/frontend/.next/server/chunks/318.js:1:14448)
    at au (/Users/kamiltonkowicz/Documents/Coding/github/printflow/frontend/node_modules/next/dist/compiled/next-server/app-page.runtime.dev.js:35:10446)
    at /Users/kamiltonkowicz/Documents/Coding/github/printflow/frontend/node_modules/next/dist/compiled/next-server/app-page.runtime.dev.js:35:15122
    at aw (/Users/kamiltonkowicz/Documents/Coding/github/printflow/frontend/node_modules/next/dist/compiled/next-server/app-page.runtime.dev.js:35:16908)
    at a_ (/Users/kamiltonkowicz/Documents/Coding/github/printflow/frontend/node_modules/next/dist/compiled/next-server/app-page.runtime.dev.js:35:49776)
    at ab (/Users/kamiltonkowicz/Documents/Coding/github/printflow/frontend/node_modules/next/dist/compiled/next-server/app-page.runtime.dev.js:35:11808)
    at /Users/kamiltonkowicz/Documents/Coding/github/printflow/frontend/node_modules/next/dist/compiled/next-server/app-page.runtime.dev.js:35:16871
    at aw (/Users/kamiltonkowicz/Documents/Coding/github/printflow/frontend/node_modules/next/dist/compiled/next-server/app-page.runtime.dev.js:35:16908) {
  digest: '1281983987'
}
TypeError: Cannot read properties of null (reading 'useContext')
    at t.useContext (/Users/kamiltonkowicz/Documents/Coding/github/printflow/frontend/node_modules/next/dist/compiled/next-server/app-page.runtime.prod.js:12:109363)
    at d (/Users/kamiltonkowicz/Documents/Coding/github/printflow/frontend/.next/server/chunks/318.js:1:22513)
    at h (/Users/kamiltonkowicz/Documents/Coding/github/printflow/frontend/.next/server/chunks/318.js:1:14448)
    at au (/Users/kamiltonkowicz/Documents/Coding/github/printflow/frontend/node_modules/next/dist/compiled/next-server/app-page.runtime.dev.js:35:10446)
    at /Users/kamiltonkowicz/Documents/Coding/github/printflow/frontend/node_modules/next/dist/compiled/next-server/app-page.runtime.dev.js:35:15122
    at aw (/Users/kamiltonkowicz/Documents/Coding/github/printflow/frontend/node_modules/next/dist/compiled/next-server/app-page.runtime.dev.js:35:16908)
    at a_ (/Users/kamiltonkowicz/Documents/Coding/github/printflow/frontend/node_modules/next/dist/compiled/next-server/app-page.runtime.dev.js:35:49776)
    at ab (/Users/kamiltonkowicz/Documents/Coding/github/printflow/frontend/node_modules/next/dist/compiled/next-server/app-page.runtime.dev.js:35:11808)
    at /Users/kamiltonkowicz/Documents/Coding/github/printflow/frontend/node_modules/next/dist/compiled/next-server/app-page.runtime.dev.js:35:16871
    at aw (/Users/kamiltonkowicz/Documents/Coding/github/printflow/frontend/node_modules/next/dist/compiled/next-server/app-page.runtime.dev.js:35:16908)

Error occurred prerendering page "/admin". Read more: https://nextjs.org/docs/messages/prerender-error

TypeError: Cannot read properties of null (reading 'useContext')
    at t.useContext (/Users/kamiltonkowicz/Documents/Coding/github/printflow/frontend/node_modules/next/dist/compiled/next-server/app-page.runtime.prod.js:12:109363)
    at d (/Users/kamiltonkowicz/Documents/Coding/github/printflow/frontend/.next/server/chunks/318.js:1:22513)
    at h (/Users/kamiltonkowicz/Documents/Coding/github/printflow/frontend/.next/server/chunks/318.js:1:14448)
    at au (/Users/kamiltonkowicz/Documents/Coding/github/printflow/frontend/node_modules/next/dist/compiled/next-server/app-page.runtime.dev.js:35:10446)
    at /Users/kamiltonkowicz/Documents/Coding/github/printflow/frontend/node_modules/next/dist/compiled/next-server/app-page.runtime.dev.js:35:15122
    at aw (/Users/kamiltonkowicz/Documents/Coding/github/printflow/frontend/node_modules/next/dist/compiled/next-server/app-page.runtime.dev.js:35:16908)
    at a_ (/Users/kamiltonkowicz/Documents/Coding/github/printflow/frontend/node_modules/next/dist/compiled/next-server/app-page.runtime.dev.js:35:49776)
    at ab (/Users/kamiltonkowicz/Documents/Coding/github/printflow/frontend/node_modules/next/dist/compiled/next-server/app-page.runtime.dev.js:35:11808)
    at /Users/kamiltonkowicz/Documents/Coding/github/printflow/frontend/node_modules/next/dist/compiled/next-server/app-page.runtime.dev.js:35:16871
    at aw (/Users/kamiltonkowicz/Documents/Coding/github/printflow/frontend/node_modules/next/dist/compiled/next-server/app-page.runtime.dev.js:35:16908)
   Generating static pages (7/10) 
Error: <Html> should not be imported outside of pages/_document.
Read more: https://nextjs.org/docs/messages/no-document-import-in-page
    at Q (/Users/kamiltonkowicz/Documents/Coding/github/printflow/frontend/node_modules/next/dist/compiled/next-server/pages.runtime.prod.js:16:5430)
    at I (/Users/kamiltonkowicz/Documents/Coding/github/printflow/frontend/.next/server/chunks/161.js:6:1263)
    at renderWithHooks (/Users/kamiltonkowicz/Documents/Coding/github/printflow/frontend/node_modules/react-dom/cjs/react-dom-server.browser.development.js:5658:16)
    at renderIndeterminateComponent (/Users/kamiltonkowicz/Documents/Coding/github/printflow/frontend/node_modules/react-dom/cjs/react-dom-server.browser.development.js:5732:15)
    at renderElement (/Users/kamiltonkowicz/Documents/Coding/github/printflow/frontend/node_modules/react-dom/cjs/react-dom-server.browser.development.js:5957:7)
    at renderNodeDestructiveImpl (/Users/kamiltonkowicz/Documents/Coding/github/printflow/frontend/node_modules/react-dom/cjs/react-dom-server.browser.development.js:6115:11)
    at renderNodeDestructive (/Users/kamiltonkowicz/Documents/Coding/github/printflow/frontend/node_modules/react-dom/cjs/react-dom-server.browser.development.js:6087:14)
    at finishClassComponent (/Users/kamiltonkowicz/Documents/Coding/github/printflow/frontend/node_modules/react-dom/cjs/react-dom-server.browser.development.js:5688:3)
    at renderClassComponent (/Users/kamiltonkowicz/Documents/Coding/github/printflow/frontend/node_modules/react-dom/cjs/react-dom-server.browser.development.js:5696:3)
    at renderElement (/Users/kamiltonkowicz/Documents/Coding/github/printflow/frontend/node_modules/react-dom/cjs/react-dom-server.browser.development.js:5954:7)

Error occurred prerendering page "/500". Read more: https://nextjs.org/docs/messages/prerender-error

Error: <Html> should not be imported outside of pages/_document.
Read more: https://nextjs.org/docs/messages/no-document-import-in-page
    at Q (/Users/kamiltonkowicz/Documents/Coding/github/printflow/frontend/node_modules/next/dist/compiled/next-server/pages.runtime.prod.js:16:5430)
    at I (/Users/kamiltonkowicz/Documents/Coding/github/printflow/frontend/.next/server/chunks/161.js:6:1263)
    at renderWithHooks (/Users/kamiltonkowicz/Documents/Coding/github/printflow/frontend/node_modules/react-dom/cjs/react-dom-server.browser.development.js:5658:16)
    at renderIndeterminateComponent (/Users/kamiltonkowicz/Documents/Coding/github/printflow/frontend/node_modules/react-dom/cjs/react-dom-server.browser.development.js:5732:15)
    at renderElement (/Users/kamiltonkowicz/Documents/Coding/github/printflow/frontend/node_modules/react-dom/cjs/react-dom-server.browser.development.js:5957:7)
    at renderNodeDestructiveImpl (/Users/kamiltonkowicz/Documents/Coding/github/printflow/frontend/node_modules/react-dom/cjs/react-dom-server.browser.development.js:6115:11)
    at renderNodeDestructive (/Users/kamiltonkowicz/Documents/Coding/github/printflow/frontend/node_modules/react-dom/cjs/react-dom-server.browser.development.js:6087:14)
    at finishClassComponent (/Users/kamiltonkowicz/Documents/Coding/github/printflow/frontend/node_modules/react-dom/cjs/react-dom-server.browser.development.js:5688:3)
    at renderClassComponent (/Users/kamiltonkowicz/Documents/Coding/github/printflow/frontend/node_modules/react-dom/cjs/react-dom-server.browser.development.js:5696:3)
    at renderElement (/Users/kamiltonkowicz/Documents/Coding/github/printflow/frontend/node_modules/react-dom/cjs/react-dom-server.browser.development.js:5954:7)
Error: <Html> should not be imported outside of pages/_document.
Read more: https://nextjs.org/docs/messages/no-document-import-in-page
    at Q (/Users/kamiltonkowicz/Documents/Coding/github/printflow/frontend/node_modules/next/dist/compiled/next-server/pages.runtime.prod.js:16:5430)
    at I (/Users/kamiltonkowicz/Documents/Coding/github/printflow/frontend/.next/server/chunks/161.js:6:1263)
    at renderWithHooks (/Users/kamiltonkowicz/Documents/Coding/github/printflow/frontend/node_modules/react-dom/cjs/react-dom-server.browser.development.js:5658:16)
    at renderIndeterminateComponent (/Users/kamiltonkowicz/Documents/Coding/github/printflow/frontend/node_modules/react-dom/cjs/react-dom-server.browser.development.js:5732:15)
    at renderElement (/Users/kamiltonkowicz/Documents/Coding/github/printflow/frontend/node_modules/react-dom/cjs/react-dom-server.browser.development.js:5957:7)
    at renderNodeDestructiveImpl (/Users/kamiltonkowicz/Documents/Coding/github/printflow/frontend/node_modules/react-dom/cjs/react-dom-server.browser.development.js:6115:11)
    at renderNodeDestructive (/Users/kamiltonkowicz/Documents/Coding/github/printflow/frontend/node_modules/react-dom/cjs/react-dom-server.browser.development.js:6087:14)
    at finishClassComponent (/Users/kamiltonkowicz/Documents/Coding/github/printflow/frontend/node_modules/react-dom/cjs/react-dom-server.browser.development.js:5688:3)
    at renderClassComponent (/Users/kamiltonkowicz/Documents/Coding/github/printflow/frontend/node_modules/react-dom/cjs/react-dom-server.browser.development.js:5696:3)
    at renderElement (/Users/kamiltonkowicz/Documents/Coding/github/printflow/frontend/node_modules/react-dom/cjs/react-dom-server.browser.development.js:5954:7)

Error occurred prerendering page "/404". Read more: https://nextjs.org/docs/messages/prerender-error

Error: <Html> should not be imported outside of pages/_document.
Read more: https://nextjs.org/docs/messages/no-document-import-in-page
    at Q (/Users/kamiltonkowicz/Documents/Coding/github/printflow/frontend/node_modules/next/dist/compiled/next-server/pages.runtime.prod.js:16:5430)
    at I (/Users/kamiltonkowicz/Documents/Coding/github/printflow/frontend/.next/server/chunks/161.js:6:1263)
    at renderWithHooks (/Users/kamiltonkowicz/Documents/Coding/github/printflow/frontend/node_modules/react-dom/cjs/react-dom-server.browser.development.js:5658:16)
    at renderIndeterminateComponent (/Users/kamiltonkowicz/Documents/Coding/github/printflow/frontend/node_modules/react-dom/cjs/react-dom-server.browser.development.js:5732:15)
    at renderElement (/Users/kamiltonkowicz/Documents/Coding/github/printflow/frontend/node_modules/react-dom/cjs/react-dom-server.browser.development.js:5957:7)
    at renderNodeDestructiveImpl (/Users/kamiltonkowicz/Documents/Coding/github/printflow/frontend/node_modules/react-dom/cjs/react-dom-server.browser.development.js:6115:11)
    at renderNodeDestructive (/Users/kamiltonkowicz/Documents/Coding/github/printflow/frontend/node_modules/react-dom/cjs/react-dom-server.browser.development.js:6087:14)
    at finishClassComponent (/Users/kamiltonkowicz/Documents/Coding/github/printflow/frontend/node_modules/react-dom/cjs/react-dom-server.browser.development.js:5688:3)
    at renderClassComponent (/Users/kamiltonkowicz/Documents/Coding/github/printflow/frontend/node_modules/react-dom/cjs/react-dom-server.browser.development.js:5696:3)
    at renderElement (/Users/kamiltonkowicz/Documents/Coding/github/printflow/frontend/node_modules/react-dom/cjs/react-dom-server.browser.development.js:5954:7)
 ✓ Generating static pages (10/10)

> Export encountered errors on following paths:
	/_error: /404
	/_error: /500
	/_not-found/page: /_not-found
	/admin/clients/page: /admin/clients
	/admin/offers/new/page: /admin/offers/new
	/admin/offers/page: /admin/offers
	/admin/page: /admin
	/auth/callback/page: /auth/callback
	/auth/login/page: /auth/login
	/page: /
